Using pre-set license
Built from '2020.3/release' branch; Version is '2020.3.2f1 (8fd9074bf66c) revision 9427207'; Using compiler version '192528614'; Build Type 'Release'
OS: 'Windows 10 Pro; OS build 18363.1440; Version 1909; 64bit' Language: 'ko' Physical Memory: 16315 MB
BatchMode: 1, IsHumanControllingUs: 0, StartBugReporterOnCrash: 0, Is64bit: 1, IsPro: 0

 COMMAND LINE ARGUMENTS:
C:\Program Files\Unity\Hub\Editor\2020.3.2f1\Editor\Unity.exe
-adb2
-batchMode
-noUpm
-name
AssetImportWorker0
-projectPath
C:/Users/DMC CONET/Desktop/Unity/UnityStudy/Oculus_Ex
-logFile
Logs/AssetImportWorker0.log
-srvPort
62827
Successfully changed project path to: C:/Users/DMC CONET/Desktop/Unity/UnityStudy/Oculus_Ex
C:/Users/DMC CONET/Desktop/Unity/UnityStudy/Oculus_Ex
Using Asset Import Pipeline V2.
Refreshing native plugins compatible for Editor in 57.65 ms, found 5 plugins.
Preloading 1 native plugins for Editor in 0.69 ms.
Initialize engine version: 2020.3.2f1 (8fd9074bf66c)
[Subsystems] Discovering subsystems at path C:/Program Files/Unity/Hub/Editor/2020.3.2f1/Editor/Data/Resources/UnitySubsystems
[Subsystems] Discovering subsystems at path C:/Users/DMC CONET/Desktop/Unity/UnityStudy/Oculus_Ex/Assets
GfxDevice: creating device client; threaded=0
Direct3D:
    Version:  Direct3D 11.0 [level 11.1]
    Renderer: NVIDIA GeForce GTX 1660 SUPER (ID=0x21c4)
    Vendor:   
    VRAM:     5991 MB
    Driver:   27.21.14.5751
Shader 'Oculus/OVRMRCameraFrameLit': fallback shader 'Alpha-Diffuse' not found
Initialize mono
Mono path[0] = 'C:/Program Files/Unity/Hub/Editor/2020.3.2f1/Editor/Data/Managed'
Mono path[1] = 'C:/Program Files/Unity/Hub/Editor/2020.3.2f1/Editor/Data/MonoBleedingEdge/lib/mono/unityjit'
Mono config path = 'C:/Program Files/Unity/Hub/Editor/2020.3.2f1/Editor/Data/MonoBleedingEdge/etc'
Using monoOptions --debugger-agent=transport=dt_socket,embedding=1,server=y,suspend=n,address=127.0.0.1:56452
Begin MonoManager ReloadAssembly
Registering precompiled unity dll's ...
Register platform support module: C:/Program Files/Unity/Hub/Editor/2020.3.2f1/Editor/Data/PlaybackEngines/WindowsStandaloneSupport/UnityEditor.WindowsStandalone.Extensions.dll
Registered in 0.001321 seconds.
Native extension for WindowsStandalone target not found
Refreshing native plugins compatible for Editor in 46.14 ms, found 5 plugins.
Preloading 1 native plugins for Editor in 0.05 ms.
Invoked RoslynAnalysisRunner static constructor.
RoslynAnalysisRunner will not be running.
RoslynAnalysisRunner has terminated.
Mono: successfully reloaded assembly
- Completed reload, in  1.314 seconds
Platform modules already initialized, skipping
Registering precompiled user dll's ...
Registered in 0.006547 seconds.
Begin MonoManager ReloadAssembly
Native extension for WindowsStandalone target not found
Refreshing native plugins compatible for Editor in 0.71 ms, found 5 plugins.
Preloading 1 native plugins for Editor in 0.06 ms.
Invoked RoslynAnalysisRunner static constructor.
RoslynAnalysisRunner will not be running.
RoslynAnalysisRunner has terminated.
[XR] OculusXRPlugin: registering subsystems
[XR] Unable to register display lifecyle provider: [1]
[XR] Oculus Input lifecycle provider registered.
[XR] Unable to register input lifecyle provider: [1]
[XR] OVRP version 1.57.0
Mono: successfully reloaded assembly
- Completed reload, in  0.816 seconds
Platform modules already initialized, skipping
========================================================================
Worker process is ready to serve import requests
Shader 'Oculus/OVRMRCameraFrameLit': fallback shader 'Alpha-Diffuse' not found
Launched and connected shader compiler UnityShaderCompiler.exe after 0.03 seconds
Refreshing native plugins compatible for Editor in 0.70 ms, found 5 plugins.
Preloading 1 native plugins for Editor in 0.05 ms.
Unloading 1898 Unused Serialized files (Serialized files now loaded: 0)
System memory in use before: 102.7 MB.
System memory in use after: 102.4 MB.

Unloading 52 unused Assets to reduce memory usage. Loaded Objects now: 2399.
Total: 2.492500 ms (FindLiveObjects: 0.368300 ms CreateObjectMapping: 0.111300 ms MarkObjects: 1.661000 ms  DeleteObjects: 0.350900 ms)

========================================================================
Received Import Request.
  path: Assets/Scenes
  artifactKey: Guid(019b98b5c47762d4abe674305bd578d7) Importer(815301076,1909f56bfc062723c751e8b465ee728b)
Start importing Assets/Scenes using Guid(019b98b5c47762d4abe674305bd578d7) Importer(815301076,1909f56bfc062723c751e8b465ee728b)  -> (artifact id: 'c9cc1a6bcc91427f1aa5c56d68767331') in 0.007369 seconds
  Import took 0.010060 seconds .

========================================================================
Received Import Request.
  Time since last request: 0.121267 seconds.
  path: Assets/Scenes/Sce.unity
  artifactKey: Guid(ec93f52b79b37da4a8b8b654c5b9d66c) Importer(815301076,1909f56bfc062723c751e8b465ee728b)
Start importing Assets/Scenes/Sce.unity using Guid(ec93f52b79b37da4a8b8b654c5b9d66c) Importer(815301076,1909f56bfc062723c751e8b465ee728b)  -> (artifact id: '09fd96e598c18956ce24f81f265bc41f') in 0.013322 seconds
  Import took 0.016086 seconds .

========================================================================
Received Import Request.
  Time since last request: 11.977439 seconds.
  path: Assets/Ludiq/Assemblies
  artifactKey: Guid(8b176de9d8f00ea45b621fe7a164f7d6) Importer(815301076,1909f56bfc062723c751e8b465ee728b)
Start importing Assets/Ludiq/Assemblies using Guid(8b176de9d8f00ea45b621fe7a164f7d6) Importer(815301076,1909f56bfc062723c751e8b465ee728b)  -> (artifact id: '6788ee4a84cd55f939ae4e46f687f4e3') in 0.006035 seconds
  Import took 0.008740 seconds .

========================================================================
Received Import Request.
  Time since last request: 300.448843 seconds.
  path: Assets/Ludiq/Assemblies/Antlr3.Runtime.dll
  artifactKey: Guid(b52af2192b15fbd4b92024ceb51a01d2) Importer(815301076,1909f56bfc062723c751e8b465ee728b)
Start importing Assets/Ludiq/Assemblies/Antlr3.Runtime.dll using Guid(b52af2192b15fbd4b92024ceb51a01d2) Importer(815301076,1909f56bfc062723c751e8b465ee728b)  -> (artifact id: '6e9422d64d68b67252b942948f305c26') in 0.013297 seconds
  Import took 0.016345 seconds .

========================================================================
Received Import Request.
  Time since last request: 0.009404 seconds.
  path: Assets/Ludiq/Assemblies/Antlr3.Runtime.dll
  artifactKey: Guid(b52af2192b15fbd4b92024ceb51a01d2) Importer(815301076,1909f56bfc062723c751e8b465ee728b)
Start importing Assets/Ludiq/Assemblies/Antlr3.Runtime.dll using Guid(b52af2192b15fbd4b92024ceb51a01d2) Importer(815301076,1909f56bfc062723c751e8b465ee728b)  -> (artifact id: '6e9422d64d68b67252b942948f305c26') in 0.001855 seconds
  Import took 0.004454 seconds .

========================================================================
Received Import Request.
  Time since last request: 0.508645 seconds.
  path: Assets/Ludiq/Assemblies/Antlr3.Runtime.defines
  artifactKey: Guid(36a8ba9dd8001b34fa1f4262d190207d) Importer(815301076,1909f56bfc062723c751e8b465ee728b)
Start importing Assets/Ludiq/Assemblies/Antlr3.Runtime.defines using Guid(36a8ba9dd8001b34fa1f4262d190207d) Importer(815301076,1909f56bfc062723c751e8b465ee728b)  -> (artifact id: 'b1ec614666f15e1d6d122dd84ed95a8d') in 0.004945 seconds
  Import took 0.007819 seconds .

========================================================================
Received Import Request.
  Time since last request: 1.095824 seconds.
  path: Assets/Ludiq/Assemblies/Bolt.Flow.Editor.dll
  artifactKey: Guid(6cb65bfc2ee1c854ca1382175f3aba91) Importer(815301076,1909f56bfc062723c751e8b465ee728b)
Start importing Assets/Ludiq/Assemblies/Bolt.Flow.Editor.dll using Guid(6cb65bfc2ee1c854ca1382175f3aba91) Importer(815301076,1909f56bfc062723c751e8b465ee728b)  -> (artifact id: 'eac1451b1a08097c33738fd6fb633329') in 0.005067 seconds
  Import took 0.007788 seconds .

========================================================================
Received Import Request.
  Time since last request: 0.001531 seconds.
  path: Assets/Ludiq/Assemblies/Bolt.Flow.Editor.dll
  artifactKey: Guid(6cb65bfc2ee1c854ca1382175f3aba91) Importer(815301076,1909f56bfc062723c751e8b465ee728b)
Start importing Assets/Ludiq/Assemblies/Bolt.Flow.Editor.dll using Guid(6cb65bfc2ee1c854ca1382175f3aba91) Importer(815301076,1909f56bfc062723c751e8b465ee728b)  -> (artifact id: 'eac1451b1a08097c33738fd6fb633329') in 0.001818 seconds
  Import took 0.004442 seconds .

========================================================================
Received Import Request.
  Time since last request: 1.187079 seconds.
  path: Assets/Ludiq/Assemblies/Bolt.Flow.Runtime.dll
  artifactKey: Guid(a040fb66244a7f54289914d98ea4ef7d) Importer(815301076,1909f56bfc062723c751e8b465ee728b)
Start importing Assets/Ludiq/Assemblies/Bolt.Flow.Runtime.dll using Guid(a040fb66244a7f54289914d98ea4ef7d) Importer(815301076,1909f56bfc062723c751e8b465ee728b)  -> (artifact id: '44262b28010c3574fe53ca3cbf6a6602') in 0.005222 seconds
  Import took 0.007982 seconds .

AssetImportWorkerClient::OnTransportError - code=2 error=End of file
