Using pre-set license
Built from '2020.3/staging' branch; Version is '2020.3.3f1 (76626098c1c4) revision 7758432'; Using compiler version '192528614'; Build Type 'Release'
OS: 'Windows 10 Home Single Language; OS build 19042.928; Version 2009; 64bit' Language: 'ko' Physical Memory: 7916 MB
BatchMode: 1, IsHumanControllingUs: 0, StartBugReporterOnCrash: 0, Is64bit: 1, IsPro: 0

 COMMAND LINE ARGUMENTS:
D:\Unity_Version\2020.3.3f1\Editor\Unity.exe
-adb2
-batchMode
-noUpm
-name
AssetImportWorker0
-projectPath
C:/Users/zlzls/Desktop/VR_Doge
-logFile
Logs/AssetImportWorker0.log
-srvPort
50097
Successfully changed project path to: C:/Users/zlzls/Desktop/VR_Doge
C:/Users/zlzls/Desktop/VR_Doge
Using Asset Import Pipeline V2.
Refreshing native plugins compatible for Editor in 29.52 ms, found 3 plugins.
Preloading 1 native plugins for Editor in 0.68 ms.
Initialize engine version: 2020.3.3f1 (76626098c1c4)
[Subsystems] Discovering subsystems at path D:/Unity_Version/2020.3.3f1/Editor/Data/Resources/UnitySubsystems
[Subsystems] Discovering subsystems at path C:/Users/zlzls/Desktop/VR_Doge/Assets
GfxDevice: creating device client; threaded=0
Direct3D:
    Version:  Direct3D 11.0 [level 11.1]
    Renderer: Intel(R) Iris(R) Xe Graphics (ID=0x9a49)
    Vendor:   
    VRAM:     3958 MB
    Driver:   27.20.100.8853
Initialize mono
Mono path[0] = 'D:/Unity_Version/2020.3.3f1/Editor/Data/Managed'
Mono path[1] = 'D:/Unity_Version/2020.3.3f1/Editor/Data/MonoBleedingEdge/lib/mono/unityjit'
Mono config path = 'D:/Unity_Version/2020.3.3f1/Editor/Data/MonoBleedingEdge/etc'
Using monoOptions --debugger-agent=transport=dt_socket,embedding=1,server=y,suspend=n,address=127.0.0.1:56724
Begin MonoManager ReloadAssembly
Registering precompiled unity dll's ...
Register platform support module: D:/Unity_Version/2020.3.3f1/Editor/Data/PlaybackEngines/WindowsStandaloneSupport/UnityEditor.WindowsStandalone.Extensions.dll
Registered in 0.000822 seconds.
Native extension for WindowsStandalone target not found
Refreshing native plugins compatible for Editor in 31.06 ms, found 3 plugins.
Preloading 1 native plugins for Editor in 0.12 ms.
Invoked RoslynAnalysisRunner static constructor.
RoslynAnalysisRunner will not be running.
RoslynAnalysisRunner has terminated.
Mono: successfully reloaded assembly
- Completed reload, in  1.032 seconds
Platform modules already initialized, skipping
Registering precompiled user dll's ...
Registered in 0.002034 seconds.
Begin MonoManager ReloadAssembly
Native extension for WindowsStandalone target not found
Refreshing native plugins compatible for Editor in 26.73 ms, found 3 plugins.
Preloading 1 native plugins for Editor in 0.16 ms.
Invoked RoslynAnalysisRunner static constructor.
RoslynAnalysisRunner will not be running.
RoslynAnalysisRunner has terminated.
[XR] OculusXRPlugin: registering subsystems
[XR] Unable to register display lifecyle provider: [1]
[XR] Oculus Input lifecycle provider registered.
[XR] Unable to register input lifecyle provider: [1]
NullReferenceException: Object reference not set to an instance of an object
  at Unity.XR.Oculus.OculusLoader.AssetPathToAbsolutePath (System.String assetPath) [0x00048] in C:\Users\zlzls\Desktop\VR_Doge\Library\PackageCache\com.unity.xr.oculus@1.8.1\Runtime\OculusLoader.cs:243 
  at Unity.XR.Oculus.OculusLoader.EditorLoadOVRPlugin () [0x0007b] in C:\Users\zlzls\Desktop\VR_Doge\Library\PackageCache\com.unity.xr.oculus@1.8.1\Runtime\OculusLoader.cs:228 

(Filename: Library/PackageCache/com.unity.xr.oculus@1.8.1/Runtime/OculusLoader.cs Line: 243)

Mono: successfully reloaded assembly
- Completed reload, in  0.812 seconds
Platform modules already initialized, skipping
========================================================================
Worker process is ready to serve import requests
Launched and connected shader compiler UnityShaderCompiler.exe after 0.04 seconds
Refreshing native plugins compatible for Editor in 0.29 ms, found 3 plugins.
Preloading 1 native plugins for Editor in 0.09 ms.
Unloading 1650 Unused Serialized files (Serialized files now loaded: 0)
System memory in use before: 77.7 MB.
System memory in use after: 77.8 MB.

Unloading 13 unused Assets to reduce memory usage. Loaded Objects now: 2096.
Total: 2.069000 ms (FindLiveObjects: 0.127500 ms CreateObjectMapping: 0.027900 ms MarkObjects: 1.831700 ms  DeleteObjects: 0.080900 ms)

========================================================================
Received Import Request.
  path: Assets/XR
  artifactKey: Guid(3e7421f51a4ae37448ed42cb5910be98) Importer(815301076,1909f56bfc062723c751e8b465ee728b)
Start importing Assets/XR using Guid(3e7421f51a4ae37448ed42cb5910be98) Importer(815301076,1909f56bfc062723c751e8b465ee728b)  -> (artifact id: '4a1bb2e95d2962f3bd2662ca1caf4426') in 0.004477 seconds
  Import took 0.006574 seconds .

========================================================================
Received Import Request.
  Time since last request: 0.487691 seconds.
  path: Assets/XR/XRGeneralSettings.asset
  artifactKey: Guid(d3954e7546029e14a82263173d8b5378) Importer(815301076,1909f56bfc062723c751e8b465ee728b)
Start importing Assets/XR/XRGeneralSettings.asset using Guid(d3954e7546029e14a82263173d8b5378) Importer(815301076,1909f56bfc062723c751e8b465ee728b)  -> (artifact id: '988d72c0a85ea08fbed10814f21b3d6f') in 0.036545 seconds
  Import took 0.038855 seconds .

========================================================================
Received Import Request.
  Time since last request: 1.009521 seconds.
  path: Assets/XR/Settings
  artifactKey: Guid(86c46e2d03be2654e8e00105e3279f8c) Importer(815301076,1909f56bfc062723c751e8b465ee728b)
Start importing Assets/XR/Settings using Guid(86c46e2d03be2654e8e00105e3279f8c) Importer(815301076,1909f56bfc062723c751e8b465ee728b)  -> (artifact id: 'df19598082a09d7f4ae3e0c020bf9417') in 0.002464 seconds
  Import took 0.005077 seconds .

========================================================================
Received Import Request.
  Time since last request: 0.498390 seconds.
  path: Assets/XR/Loaders
  artifactKey: Guid(ede617c22349f974db38acaf441d736d) Importer(815301076,1909f56bfc062723c751e8b465ee728b)
Start importing Assets/XR/Loaders using Guid(ede617c22349f974db38acaf441d736d) Importer(815301076,1909f56bfc062723c751e8b465ee728b)  -> (artifact id: 'a697c2c657533acc38904fcecf956d16') in 0.002293 seconds
  Import took 0.004821 seconds .

========================================================================
Received Import Request.
  Time since last request: 3.876142 seconds.
  path: Assets/XR/Loaders/Oculus Loader.asset
  artifactKey: Guid(27a51c7b93c51b7468bad82a577ca005) Importer(815301076,1909f56bfc062723c751e8b465ee728b)
Start importing Assets/XR/Loaders/Oculus Loader.asset using Guid(27a51c7b93c51b7468bad82a577ca005) Importer(815301076,1909f56bfc062723c751e8b465ee728b)  -> (artifact id: '017ef2b83f6f8a9c672719ad77009061') in 0.003121 seconds
  Import took 0.005633 seconds .

========================================================================
Received Import Request.
  Time since last request: 0.000848 seconds.
  path: Assets/XR/Loaders/Oculus Loader.asset
  artifactKey: Guid(27a51c7b93c51b7468bad82a577ca005) Importer(815301076,1909f56bfc062723c751e8b465ee728b)
Start importing Assets/XR/Loaders/Oculus Loader.asset using Guid(27a51c7b93c51b7468bad82a577ca005) Importer(815301076,1909f56bfc062723c751e8b465ee728b)  -> (artifact id: '017ef2b83f6f8a9c672719ad77009061') in 0.002700 seconds
  Import took 0.005310 seconds .

========================================================================
Received Import Request.
  Time since last request: 75.937917 seconds.
  path: Packages/com.unity.xr.interaction.toolkit
  artifactKey: Guid(606b3fa0257ef2bbfc46aa049a55bc91) Importer(815301076,1909f56bfc062723c751e8b465ee728b)
Start importing Packages/com.unity.xr.interaction.toolkit using Guid(606b3fa0257ef2bbfc46aa049a55bc91) Importer(815301076,1909f56bfc062723c751e8b465ee728b)  -> (artifact id: '4bc525b74e40aedac501e799a209d017') in 0.002329 seconds
  Import took 0.004903 seconds .

========================================================================
Received Import Request.
  Time since last request: 268.428983 seconds.
  path: Assets/Prefabs/Bullet.prefab
  artifactKey: Guid(e2cf42365e2d9d745a31735f3551368c) Importer(815301076,1909f56bfc062723c751e8b465ee728b)
Start importing Assets/Prefabs/Bullet.prefab using Guid(e2cf42365e2d9d745a31735f3551368c) Importer(815301076,1909f56bfc062723c751e8b465ee728b)  -> (artifact id: 'be02853b35b3a772c1ed4e9ac99d4841') in 0.063444 seconds
  Import took 0.065926 seconds .

========================================================================
Received Import Request.
  Time since last request: 3.584555 seconds.
  path: Assets/Prefabs/Bullet.prefab
  artifactKey: Guid(e2cf42365e2d9d745a31735f3551368c) Importer(815301076,1909f56bfc062723c751e8b465ee728b)
Start importing Assets/Prefabs/Bullet.prefab using Guid(e2cf42365e2d9d745a31735f3551368c) Importer(815301076,1909f56bfc062723c751e8b465ee728b)  -> (artifact id: '9c16293d601ddd03a6052079a5b385bc') in 0.009155 seconds
  Import took 0.011517 seconds .

========================================================================
Received Prepare
Registering precompiled user dll's ...
Registered in 0.009989 seconds.
Begin MonoManager ReloadAssembly
Native extension for WindowsStandalone target not found
Refreshing native plugins compatible for Editor in 6.34 ms, found 3 plugins.
Preloading 1 native plugins for Editor in 0.26 ms.
Invoked RoslynAnalysisRunner static constructor.
RoslynAnalysisRunner will not be running.
RoslynAnalysisRunner has terminated.
NullReferenceException: Object reference not set to an instance of an object
  at Unity.XR.Oculus.OculusLoader.AssetPathToAbsolutePath (System.String assetPath) [0x00048] in C:\Users\zlzls\Desktop\VR_Doge\Library\PackageCache\com.unity.xr.oculus@1.8.1\Runtime\OculusLoader.cs:243 
  at Unity.XR.Oculus.OculusLoader.EditorLoadOVRPlugin () [0x0007b] in C:\Users\zlzls\Desktop\VR_Doge\Library\PackageCache\com.unity.xr.oculus@1.8.1\Runtime\OculusLoader.cs:228 

(Filename: Library/PackageCache/com.unity.xr.oculus@1.8.1/Runtime/OculusLoader.cs Line: 243)

Mono: successfully reloaded assembly
- Completed reload, in  1.279 seconds
Platform modules already initialized, skipping
Refreshing native plugins compatible for Editor in 0.33 ms, found 3 plugins.
Preloading 1 native plugins for Editor in 0.16 ms.
Unloading 1633 Unused Serialized files (Serialized files now loaded: 0)
System memory in use before: 80.6 MB.
System memory in use after: 80.7 MB.

Unloading 6 unused Assets to reduce memory usage. Loaded Objects now: 2108.
Total: 1.735800 ms (FindLiveObjects: 0.125400 ms CreateObjectMapping: 0.031800 ms MarkObjects: 1.520900 ms  DeleteObjects: 0.056300 ms)

========================================================================
Received Import Request.
  Time since last request: 194.198428 seconds.
  path: Assets/Scripts/PlayerController.cs
  artifactKey: Guid(6f1c356c8552aaa459d343e8473248cd) Importer(815301076,1909f56bfc062723c751e8b465ee728b)
Start importing Assets/Scripts/PlayerController.cs using Guid(6f1c356c8552aaa459d343e8473248cd) Importer(815301076,1909f56bfc062723c751e8b465ee728b)  -> (artifact id: '8c177b4b6b3bf982c594dd0aad7a5693') in 0.008262 seconds
  Import took 0.010589 seconds .

========================================================================
Received Prepare
Registering precompiled user dll's ...
Registered in 0.008132 seconds.
Begin MonoManager ReloadAssembly
Native extension for WindowsStandalone target not found
Refreshing native plugins compatible for Editor in 0.55 ms, found 3 plugins.
Preloading 1 native plugins for Editor in 0.21 ms.
Invoked RoslynAnalysisRunner static constructor.
RoslynAnalysisRunner will not be running.
RoslynAnalysisRunner has terminated.
NullReferenceException: Object reference not set to an instance of an object
  at Unity.XR.Oculus.OculusLoader.AssetPathToAbsolutePath (System.String assetPath) [0x00048] in C:\Users\zlzls\Desktop\VR_Doge\Library\PackageCache\com.unity.xr.oculus@1.8.1\Runtime\OculusLoader.cs:243 
  at Unity.XR.Oculus.OculusLoader.EditorLoadOVRPlugin () [0x0007b] in C:\Users\zlzls\Desktop\VR_Doge\Library\PackageCache\com.unity.xr.oculus@1.8.1\Runtime\OculusLoader.cs:228 

(Filename: Library/PackageCache/com.unity.xr.oculus@1.8.1/Runtime/OculusLoader.cs Line: 243)

Mono: successfully reloaded assembly
- Completed reload, in  1.596 seconds
Platform modules already initialized, skipping
Switching build target platform(5) subTarget(0) extendedPlatform(0) -> platform(13) subTarget(524288) extendedPlatform(0)
Refreshing native plugins compatible for Editor in 0.62 ms, found 3 plugins.
Preloading 1 native plugins for Editor in 0.25 ms.
Unloading 1637 Unused Serialized files (Serialized files now loaded: 0)
System memory in use before: 80.6 MB.
System memory in use after: 80.7 MB.

Unloading 6 unused Assets to reduce memory usage. Loaded Objects now: 2112.
Total: 3.222700 ms (FindLiveObjects: 0.233300 ms CreateObjectMapping: 0.075200 ms MarkObjects: 2.830800 ms  DeleteObjects: 0.081900 ms)

AssetImportParameters requested are different than current active one (requested -> active):
  custom:graphics/normal-map-encoding: 01000000000000000000000000000000 -> 02000000000000000000000000000000
========================================================================
Received Prepare
Refreshing native plugins compatible for Editor in 2.18 ms, found 3 plugins.
Preloading 1 native plugins for Editor in 0.23 ms.
Unloading 3 Unused Serialized files (Serialized files now loaded: 0)
System memory in use before: 48.3 MB.
System memory in use after: 48.4 MB.

Unloading 3 unused Assets to reduce memory usage. Loaded Objects now: 2112.
Total: 3.214100 ms (FindLiveObjects: 0.179000 ms CreateObjectMapping: 0.066700 ms MarkObjects: 2.845000 ms  DeleteObjects: 0.119800 ms)

========================================================================
Received Prepare
Refreshing native plugins compatible for Editor in 1.76 ms, found 3 plugins.
Preloading 1 native plugins for Editor in 0.16 ms.
Unloading 3 Unused Serialized files (Serialized files now loaded: 0)
System memory in use before: 48.3 MB.
System memory in use after: 48.4 MB.

Unloading 3 unused Assets to reduce memory usage. Loaded Objects now: 2112.
Total: 3.295400 ms (FindLiveObjects: 0.272900 ms CreateObjectMapping: 0.095800 ms MarkObjects: 2.837200 ms  DeleteObjects: 0.087300 ms)

========================================================================
Received Prepare
Refreshing native plugins compatible for Editor in 5.41 ms, found 3 plugins.
Preloading 1 native plugins for Editor in 0.42 ms.
Unloading 3 Unused Serialized files (Serialized files now loaded: 0)
System memory in use before: 48.3 MB.
System memory in use after: 48.4 MB.

Unloading 3 unused Assets to reduce memory usage. Loaded Objects now: 2112.
Total: 6.163200 ms (FindLiveObjects: 1.847200 ms CreateObjectMapping: 0.182100 ms MarkObjects: 4.061100 ms  DeleteObjects: 0.069600 ms)

========================================================================
Received Prepare
Refreshing native plugins compatible for Editor in 3.34 ms, found 3 plugins.
Preloading 1 native plugins for Editor in 0.39 ms.
Unloading 3 Unused Serialized files (Serialized files now loaded: 0)
System memory in use before: 48.3 MB.
System memory in use after: 48.4 MB.

Unloading 3 unused Assets to reduce memory usage. Loaded Objects now: 2112.
Total: 6.642200 ms (FindLiveObjects: 0.233100 ms CreateObjectMapping: 0.075300 ms MarkObjects: 5.790900 ms  DeleteObjects: 0.540400 ms)

========================================================================
Received Prepare
Registering precompiled user dll's ...
Registered in 0.012649 seconds.
Begin MonoManager ReloadAssembly
Native extension for WindowsStandalone target not found
Refreshing native plugins compatible for Editor in 0.63 ms, found 3 plugins.
Preloading 1 native plugins for Editor in 0.32 ms.
Invoked RoslynAnalysisRunner static constructor.
RoslynAnalysisRunner will not be running.
RoslynAnalysisRunner has terminated.
NullReferenceException: Object reference not set to an instance of an object
  at Unity.XR.Oculus.OculusLoader.AssetPathToAbsolutePath (System.String assetPath) [0x00048] in C:\Users\zlzls\Desktop\VR_Doge\Library\PackageCache\com.unity.xr.oculus@1.8.1\Runtime\OculusLoader.cs:243 
  at Unity.XR.Oculus.OculusLoader.EditorLoadOVRPlugin () [0x0007b] in C:\Users\zlzls\Desktop\VR_Doge\Library\PackageCache\com.unity.xr.oculus@1.8.1\Runtime\OculusLoader.cs:228 

(Filename: Library/PackageCache/com.unity.xr.oculus@1.8.1/Runtime/OculusLoader.cs Line: 243)

Mono: successfully reloaded assembly
- Completed reload, in  1.661 seconds
Platform modules already initialized, skipping
Switching build target platform(5) subTarget(0) extendedPlatform(0) -> platform(13) subTarget(524288) extendedPlatform(0)
Refreshing native plugins compatible for Editor in 0.47 ms, found 3 plugins.
Preloading 1 native plugins for Editor in 0.22 ms.
Unloading 1637 Unused Serialized files (Serialized files now loaded: 0)
System memory in use before: 80.6 MB.
System memory in use after: 80.7 MB.

Unloading 6 unused Assets to reduce memory usage. Loaded Objects now: 2116.
Total: 2.915300 ms (FindLiveObjects: 0.223000 ms CreateObjectMapping: 0.060600 ms MarkObjects: 2.533600 ms  DeleteObjects: 0.095900 ms)

AssetImportParameters requested are different than current active one (requested -> active):
  custom:graphics/normal-map-encoding: 01000000000000000000000000000000 -> 02000000000000000000000000000000
========================================================================
Received Prepare
Refreshing native plugins compatible for Editor in 1.45 ms, found 3 plugins.
Preloading 1 native plugins for Editor in 0.14 ms.
Unloading 3 Unused Serialized files (Serialized files now loaded: 0)
System memory in use before: 48.4 MB.
System memory in use after: 48.5 MB.

Unloading 3 unused Assets to reduce memory usage. Loaded Objects now: 2116.
Total: 4.638800 ms (FindLiveObjects: 0.340900 ms CreateObjectMapping: 0.127000 ms MarkObjects: 4.047000 ms  DeleteObjects: 0.121400 ms)

========================================================================
Received Prepare
Refreshing native plugins compatible for Editor in 1.42 ms, found 3 plugins.
Preloading 1 native plugins for Editor in 0.15 ms.
Unloading 3 Unused Serialized files (Serialized files now loaded: 0)
System memory in use before: 48.4 MB.
System memory in use after: 48.5 MB.

Unloading 3 unused Assets to reduce memory usage. Loaded Objects now: 2116.
Total: 3.371400 ms (FindLiveObjects: 0.216900 ms CreateObjectMapping: 0.058100 ms MarkObjects: 3.026800 ms  DeleteObjects: 0.067500 ms)

========================================================================
Received Import Request.
  Time since last request: 3897.311923 seconds.
  path: Assets/Scripts/PlayerController.cs
  artifactKey: Guid(6f1c356c8552aaa459d343e8473248cd) Importer(815301076,1909f56bfc062723c751e8b465ee728b)
Start importing Assets/Scripts/PlayerController.cs using Guid(6f1c356c8552aaa459d343e8473248cd) Importer(815301076,1909f56bfc062723c751e8b465ee728b)  -> (artifact id: '14762b45a01751e1278cd07782f3bf26') in 0.006343 seconds
  Import took 0.011348 seconds .

========================================================================
Received Import Request.
  Time since last request: 0.002706 seconds.
  path: Assets/Scripts/PlayerController.cs
  artifactKey: Guid(6f1c356c8552aaa459d343e8473248cd) Importer(815301076,1909f56bfc062723c751e8b465ee728b)
Start importing Assets/Scripts/PlayerController.cs using Guid(6f1c356c8552aaa459d343e8473248cd) Importer(815301076,1909f56bfc062723c751e8b465ee728b)  -> (artifact id: '14762b45a01751e1278cd07782f3bf26') in 0.003896 seconds
  Import took 0.008215 seconds .

========================================================================
Received Prepare
Registering precompiled user dll's ...
Registered in 0.012606 seconds.
Begin MonoManager ReloadAssembly
Native extension for WindowsStandalone target not found
Refreshing native plugins compatible for Editor in 0.68 ms, found 3 plugins.
Preloading 1 native plugins for Editor in 0.35 ms.
Invoked RoslynAnalysisRunner static constructor.
RoslynAnalysisRunner will not be running.
RoslynAnalysisRunner has terminated.
NullReferenceException: Object reference not set to an instance of an object
  at Unity.XR.Oculus.OculusLoader.AssetPathToAbsolutePath (System.String assetPath) [0x00048] in C:\Users\zlzls\Desktop\VR_Doge\Library\PackageCache\com.unity.xr.oculus@1.8.1\Runtime\OculusLoader.cs:243 
  at Unity.XR.Oculus.OculusLoader.EditorLoadOVRPlugin () [0x0007b] in C:\Users\zlzls\Desktop\VR_Doge\Library\PackageCache\com.unity.xr.oculus@1.8.1\Runtime\OculusLoader.cs:228 

(Filename: Library/PackageCache/com.unity.xr.oculus@1.8.1/Runtime/OculusLoader.cs Line: 243)

Mono: successfully reloaded assembly
- Completed reload, in  1.867 seconds
Platform modules already initialized, skipping
Switching build target platform(5) subTarget(0) extendedPlatform(0) -> platform(13) subTarget(524288) extendedPlatform(0)
Refreshing native plugins compatible for Editor in 0.64 ms, found 3 plugins.
Preloading 1 native plugins for Editor in 0.23 ms.
Unloading 1637 Unused Serialized files (Serialized files now loaded: 0)
System memory in use before: 80.7 MB.
System memory in use after: 80.7 MB.

Unloading 6 unused Assets to reduce memory usage. Loaded Objects now: 2120.
Total: 3.565300 ms (FindLiveObjects: 0.223400 ms CreateObjectMapping: 0.078300 ms MarkObjects: 3.137900 ms  DeleteObjects: 0.123200 ms)

AssetImportParameters requested are different than current active one (requested -> active):
  custom:graphics/normal-map-encoding: 01000000000000000000000000000000 -> 02000000000000000000000000000000
========================================================================
Received Prepare
Registering precompiled user dll's ...
Registered in 0.005845 seconds.
Begin MonoManager ReloadAssembly
Native extension for WindowsStandalone target not found
Refreshing native plugins compatible for Editor in 0.66 ms, found 3 plugins.
Preloading 1 native plugins for Editor in 0.36 ms.
Invoked RoslynAnalysisRunner static constructor.
RoslynAnalysisRunner will not be running.
RoslynAnalysisRunner has terminated.
NullReferenceException: Object reference not set to an instance of an object
  at Unity.XR.Oculus.OculusLoader.AssetPathToAbsolutePath (System.String assetPath) [0x00048] in C:\Users\zlzls\Desktop\VR_Doge\Library\PackageCache\com.unity.xr.oculus@1.8.1\Runtime\OculusLoader.cs:243 
  at Unity.XR.Oculus.OculusLoader.EditorLoadOVRPlugin () [0x0007b] in C:\Users\zlzls\Desktop\VR_Doge\Library\PackageCache\com.unity.xr.oculus@1.8.1\Runtime\OculusLoader.cs:228 

(Filename: Library/PackageCache/com.unity.xr.oculus@1.8.1/Runtime/OculusLoader.cs Line: 243)

Mono: successfully reloaded assembly
- Completed reload, in  1.830 seconds
Platform modules already initialized, skipping
Switching build target platform(5) subTarget(0) extendedPlatform(0) -> platform(13) subTarget(524288) extendedPlatform(0)
Refreshing native plugins compatible for Editor in 0.66 ms, found 3 plugins.
Preloading 1 native plugins for Editor in 0.27 ms.
Unloading 1637 Unused Serialized files (Serialized files now loaded: 0)
System memory in use before: 80.7 MB.
System memory in use after: 80.7 MB.

Unloading 6 unused Assets to reduce memory usage. Loaded Objects now: 2124.
Total: 3.906800 ms (FindLiveObjects: 0.240900 ms CreateObjectMapping: 0.068700 ms MarkObjects: 3.482300 ms  DeleteObjects: 0.112700 ms)

AssetImportParameters requested are different than current active one (requested -> active):
  custom:graphics/normal-map-encoding: 01000000000000000000000000000000 -> 02000000000000000000000000000000
AssetImportWorkerClient::OnTransportError - code=2 error=End of file
