Using pre-set license
Built from '2020.3/release' branch; Version is '2020.3.2f1 (8fd9074bf66c) revision 9427207'; Using compiler version '192528614'; Build Type 'Release'
OS: 'Windows 10 Pro; OS build 19042.928; Version 2009; 64bit' Language: 'ko' Physical Memory: 16315 MB
BatchMode: 1, IsHumanControllingUs: 0, StartBugReporterOnCrash: 0, Is64bit: 1, IsPro: 0

 COMMAND LINE ARGUMENTS:
C:\Program Files\Unity\Hub\Editor\2020.3.2f1\Editor\Unity.exe
-adb2
-batchMode
-noUpm
-name
AssetImportWorker0
-projectPath
C:/Users/DMC CONET/Desktop/NewDeal_2021
-logFile
Logs/AssetImportWorker0.log
-srvPort
57473
Successfully changed project path to: C:/Users/DMC CONET/Desktop/NewDeal_2021
C:/Users/DMC CONET/Desktop/NewDeal_2021
Using Asset Import Pipeline V2.
Refreshing native plugins compatible for Editor in 21.13 ms, found 0 plugins.
Preloading 0 native plugins for Editor in 0.00 ms.
Initialize engine version: 2020.3.2f1 (8fd9074bf66c)
[Subsystems] Discovering subsystems at path C:/Program Files/Unity/Hub/Editor/2020.3.2f1/Editor/Data/Resources/UnitySubsystems
[Subsystems] Discovering subsystems at path C:/Users/DMC CONET/Desktop/NewDeal_2021/Assets
GfxDevice: creating device client; threaded=0
Direct3D:
    Version:  Direct3D 11.0 [level 11.1]
    Renderer: NVIDIA GeForce GTX 1660 SUPER (ID=0x21c4)
    Vendor:   
    VRAM:     5991 MB
    Driver:   27.21.14.5751
Initialize mono
Mono path[0] = 'C:/Program Files/Unity/Hub/Editor/2020.3.2f1/Editor/Data/Managed'
Mono path[1] = 'C:/Program Files/Unity/Hub/Editor/2020.3.2f1/Editor/Data/MonoBleedingEdge/lib/mono/unityjit'
Mono config path = 'C:/Program Files/Unity/Hub/Editor/2020.3.2f1/Editor/Data/MonoBleedingEdge/etc'
Using monoOptions --debugger-agent=transport=dt_socket,embedding=1,server=y,suspend=n,address=127.0.0.1:56024
Begin MonoManager ReloadAssembly
Registering precompiled unity dll's ...
Register platform support module: C:/Program Files/Unity/Hub/Editor/2020.3.2f1/Editor/Data/PlaybackEngines/WindowsStandaloneSupport/UnityEditor.WindowsStandalone.Extensions.dll
Registered in 0.001396 seconds.
Native extension for WindowsStandalone target not found
Refreshing native plugins compatible for Editor in 22.05 ms, found 0 plugins.
Preloading 0 native plugins for Editor in 0.00 ms.
Invoked RoslynAnalysisRunner static constructor.
RoslynAnalysisRunner will not be running.
RoslynAnalysisRunner has terminated.
Mono: successfully reloaded assembly
- Completed reload, in  1.379 seconds
Platform modules already initialized, skipping
Registering precompiled user dll's ...
Registered in 0.000467 seconds.
Begin MonoManager ReloadAssembly
Native extension for WindowsStandalone target not found
Refreshing native plugins compatible for Editor in 0.21 ms, found 0 plugins.
Preloading 0 native plugins for Editor in 0.00 ms.
Invoked RoslynAnalysisRunner static constructor.
RoslynAnalysisRunner will not be running.
RoslynAnalysisRunner has terminated.
Mono: successfully reloaded assembly
- Completed reload, in  0.679 seconds
Platform modules already initialized, skipping
========================================================================
Worker process is ready to serve import requests
Launched and connected shader compiler UnityShaderCompiler.exe after 0.03 seconds
Refreshing native plugins compatible for Editor in 0.21 ms, found 0 plugins.
Preloading 0 native plugins for Editor in 0.00 ms.
Unloading 1126 Unused Serialized files (Serialized files now loaded: 0)
System memory in use before: 60.3 MB.
System memory in use after: 60.3 MB.

Unloading 10 unused Assets to reduce memory usage. Loaded Objects now: 1568.
Total: 1.538700 ms (FindLiveObjects: 0.157400 ms CreateObjectMapping: 0.029900 ms MarkObjects: 1.296100 ms  DeleteObjects: 0.054600 ms)

========================================================================
Received Import Request.
  path: Assets/Image
  artifactKey: Guid(62ad28b5cffd6114d9007f02e4192ec2) Importer(815301076,1909f56bfc062723c751e8b465ee728b)
Start importing Assets/Image using Guid(62ad28b5cffd6114d9007f02e4192ec2) Importer(815301076,1909f56bfc062723c751e8b465ee728b)  -> (artifact id: '05c719f27becbe84d307fff6ca769467') in 0.006198 seconds
  Import took 0.007771 seconds .

========================================================================
Received Import Request.
  Time since last request: 11.685798 seconds.
  path: Assets/Image/Background.png
  artifactKey: Guid(e9f3957030de5cb46a06cae4708f4e6b) Importer(815301076,1909f56bfc062723c751e8b465ee728b)
Start importing Assets/Image/Background.png using Guid(e9f3957030de5cb46a06cae4708f4e6b) Importer(815301076,1909f56bfc062723c751e8b465ee728b)  -> (artifact id: 'cb03fced2c5e102658d00b8bfa2e2690') in 0.066542 seconds
  Import took 0.068226 seconds .

========================================================================
Received Import Request.
  Time since last request: 137.343995 seconds.
  path: Assets/Matai
  artifactKey: Guid(fd6f3124cadc6da46ac9c0682e730a58) Importer(815301076,1909f56bfc062723c751e8b465ee728b)
Start importing Assets/Matai using Guid(fd6f3124cadc6da46ac9c0682e730a58) Importer(815301076,1909f56bfc062723c751e8b465ee728b)  -> (artifact id: 'df01be839d557844f0d7c5aafa5e9826') in 0.005969 seconds
  Import took 0.007665 seconds .

========================================================================
Received Import Request.
  Time since last request: 7.651355 seconds.
  path: Assets/Materai
  artifactKey: Guid(fd6f3124cadc6da46ac9c0682e730a58) Importer(815301076,1909f56bfc062723c751e8b465ee728b)
Start importing Assets/Materai using Guid(fd6f3124cadc6da46ac9c0682e730a58) Importer(815301076,1909f56bfc062723c751e8b465ee728b)  -> (artifact id: '26fbf42a96901707bfdb2c98eca46484') in 0.006109 seconds
  Import took 0.007810 seconds .

========================================================================
Received Import Request.
  Time since last request: 4.015913 seconds.
  path: Assets/Materal
  artifactKey: Guid(fd6f3124cadc6da46ac9c0682e730a58) Importer(815301076,1909f56bfc062723c751e8b465ee728b)
Start importing Assets/Materal using Guid(fd6f3124cadc6da46ac9c0682e730a58) Importer(815301076,1909f56bfc062723c751e8b465ee728b)  -> (artifact id: '2257b54310a42e9457e8434cc5a2bd9a') in 0.005886 seconds
  Import took 0.007616 seconds .

========================================================================
Received Prepare
Registering precompiled user dll's ...
Registered in 0.000512 seconds.
Begin MonoManager ReloadAssembly
Native extension for WindowsStandalone target not found
Refreshing native plugins compatible for Editor in 0.21 ms, found 0 plugins.
Preloading 0 native plugins for Editor in 0.00 ms.
Invoked RoslynAnalysisRunner static constructor.
RoslynAnalysisRunner will not be running.
RoslynAnalysisRunner has terminated.
Mono: successfully reloaded assembly
- Completed reload, in  0.635 seconds
Platform modules already initialized, skipping
Refreshing native plugins compatible for Editor in 0.22 ms, found 0 plugins.
Preloading 0 native plugins for Editor in 0.00 ms.
Unloading 1120 Unused Serialized files (Serialized files now loaded: 0)
System memory in use before: 60.1 MB.
System memory in use after: 60.2 MB.

Unloading 5 unused Assets to reduce memory usage. Loaded Objects now: 1573.
Total: 2.764700 ms (FindLiveObjects: 0.247300 ms CreateObjectMapping: 0.066000 ms MarkObjects: 2.372800 ms  DeleteObjects: 0.076700 ms)

========================================================================
Received Import Request.
  Time since last request: 262.665608 seconds.
  path: Assets/Scripts/ShootingGame/BackGround1.cs
  artifactKey: Guid(6c5bbba8abd60de4186dbe0427ae4b7b) Importer(815301076,1909f56bfc062723c751e8b465ee728b)
Start importing Assets/Scripts/ShootingGame/BackGround1.cs using Guid(6c5bbba8abd60de4186dbe0427ae4b7b) Importer(815301076,1909f56bfc062723c751e8b465ee728b)  -> (artifact id: '39700f7274a0f65455b0d5e429b8bb13') in 0.011289 seconds
  Import took 0.014122 seconds .

========================================================================
Received Prepare
Registering precompiled user dll's ...
Registered in 0.000414 seconds.
Begin MonoManager ReloadAssembly
Native extension for WindowsStandalone target not found
Refreshing native plugins compatible for Editor in 0.22 ms, found 0 plugins.
Preloading 0 native plugins for Editor in 0.00 ms.
Invoked RoslynAnalysisRunner static constructor.
RoslynAnalysisRunner will not be running.
RoslynAnalysisRunner has terminated.
Mono: successfully reloaded assembly
- Completed reload, in  0.664 seconds
Platform modules already initialized, skipping
Refreshing native plugins compatible for Editor in 0.21 ms, found 0 plugins.
Preloading 0 native plugins for Editor in 0.00 ms.
Unloading 1121 Unused Serialized files (Serialized files now loaded: 0)
System memory in use before: 60.2 MB.
System memory in use after: 60.2 MB.

Unloading 5 unused Assets to reduce memory usage. Loaded Objects now: 1577.
Total: 1.424500 ms (FindLiveObjects: 0.143700 ms CreateObjectMapping: 0.035300 ms MarkObjects: 1.208000 ms  DeleteObjects: 0.036600 ms)

========================================================================
Received Prepare
Registering precompiled user dll's ...
Registered in 0.000530 seconds.
Begin MonoManager ReloadAssembly
Native extension for WindowsStandalone target not found
Refreshing native plugins compatible for Editor in 0.21 ms, found 0 plugins.
Preloading 0 native plugins for Editor in 0.00 ms.
Invoked RoslynAnalysisRunner static constructor.
RoslynAnalysisRunner will not be running.
RoslynAnalysisRunner has terminated.
Mono: successfully reloaded assembly
- Completed reload, in  0.656 seconds
Platform modules already initialized, skipping
Refreshing native plugins compatible for Editor in 0.22 ms, found 0 plugins.
Preloading 0 native plugins for Editor in 0.00 ms.
Unloading 1120 Unused Serialized files (Serialized files now loaded: 0)
System memory in use before: 60.2 MB.
System memory in use after: 60.2 MB.

Unloading 6 unused Assets to reduce memory usage. Loaded Objects now: 1579.
Total: 1.698700 ms (FindLiveObjects: 0.354800 ms CreateObjectMapping: 0.043100 ms MarkObjects: 1.255500 ms  DeleteObjects: 0.043500 ms)

========================================================================
Received Import Request.
  Time since last request: 107.420357 seconds.
  path: Assets/Scripts/ShootingGame/BackGround.cs
  artifactKey: Guid(1955545f58b7f06428de9fb209ed8cd7) Importer(815301076,1909f56bfc062723c751e8b465ee728b)
Start importing Assets/Scripts/ShootingGame/BackGround.cs using Guid(1955545f58b7f06428de9fb209ed8cd7) Importer(815301076,1909f56bfc062723c751e8b465ee728b)  -> (artifact id: '4e64b97edc585272adfcf1b471256f40') in 0.010023 seconds
  Import took 0.011907 seconds .

========================================================================
Received Prepare
Registering precompiled user dll's ...
Registered in 0.000640 seconds.
Begin MonoManager ReloadAssembly
Native extension for WindowsStandalone target not found
Refreshing native plugins compatible for Editor in 0.21 ms, found 0 plugins.
Preloading 0 native plugins for Editor in 0.00 ms.
Invoked RoslynAnalysisRunner static constructor.
RoslynAnalysisRunner will not be running.
RoslynAnalysisRunner has terminated.
Mono: successfully reloaded assembly
- Completed reload, in  0.651 seconds
Platform modules already initialized, skipping
Refreshing native plugins compatible for Editor in 0.22 ms, found 0 plugins.
Preloading 0 native plugins for Editor in 0.00 ms.
Unloading 1120 Unused Serialized files (Serialized files now loaded: 0)
System memory in use before: 60.2 MB.
System memory in use after: 60.2 MB.

Unloading 5 unused Assets to reduce memory usage. Loaded Objects now: 1582.
Total: 1.497400 ms (FindLiveObjects: 0.159500 ms CreateObjectMapping: 0.036300 ms MarkObjects: 1.259400 ms  DeleteObjects: 0.041100 ms)

========================================================================
Received Import Request.
  Time since last request: 20.744239 seconds.
  path: Assets/Scripts/ShootingGame/BackGround.cs
  artifactKey: Guid(1955545f58b7f06428de9fb209ed8cd7) Importer(815301076,1909f56bfc062723c751e8b465ee728b)
Start importing Assets/Scripts/ShootingGame/BackGround.cs using Guid(1955545f58b7f06428de9fb209ed8cd7) Importer(815301076,1909f56bfc062723c751e8b465ee728b)  -> (artifact id: 'f8d2b3cc3edd6793d28bd207e4416969') in 0.003567 seconds
  Import took 0.005507 seconds .

========================================================================
Received Prepare
Registering precompiled user dll's ...
Registered in 0.000459 seconds.
Begin MonoManager ReloadAssembly
Native extension for WindowsStandalone target not found
Refreshing native plugins compatible for Editor in 0.21 ms, found 0 plugins.
Preloading 0 native plugins for Editor in 0.00 ms.
Invoked RoslynAnalysisRunner static constructor.
RoslynAnalysisRunner will not be running.
RoslynAnalysisRunner has terminated.
Mono: successfully reloaded assembly
- Completed reload, in  0.635 seconds
Platform modules already initialized, skipping
Refreshing native plugins compatible for Editor in 0.21 ms, found 0 plugins.
Preloading 0 native plugins for Editor in 0.00 ms.
Unloading 1120 Unused Serialized files (Serialized files now loaded: 0)
System memory in use before: 60.2 MB.
System memory in use after: 60.2 MB.

Unloading 5 unused Assets to reduce memory usage. Loaded Objects now: 1585.
Total: 1.602900 ms (FindLiveObjects: 0.124200 ms CreateObjectMapping: 0.030800 ms MarkObjects: 1.394300 ms  DeleteObjects: 0.053000 ms)

========================================================================
Received Prepare
Registering precompiled user dll's ...
Registered in 0.000673 seconds.
Begin MonoManager ReloadAssembly
Native extension for WindowsStandalone target not found
Refreshing native plugins compatible for Editor in 0.21 ms, found 0 plugins.
Preloading 0 native plugins for Editor in 0.00 ms.
Invoked RoslynAnalysisRunner static constructor.
RoslynAnalysisRunner will not be running.
RoslynAnalysisRunner has terminated.
Mono: successfully reloaded assembly
- Completed reload, in  0.621 seconds
Platform modules already initialized, skipping
Refreshing native plugins compatible for Editor in 0.21 ms, found 0 plugins.
Preloading 0 native plugins for Editor in 0.00 ms.
Unloading 1120 Unused Serialized files (Serialized files now loaded: 0)
System memory in use before: 60.2 MB.
System memory in use after: 60.2 MB.

Unloading 5 unused Assets to reduce memory usage. Loaded Objects now: 1588.
Total: 1.584700 ms (FindLiveObjects: 0.176600 ms CreateObjectMapping: 0.045200 ms MarkObjects: 1.325000 ms  DeleteObjects: 0.037200 ms)

========================================================================
Received Prepare
Registering precompiled user dll's ...
Registered in 0.000476 seconds.
Begin MonoManager ReloadAssembly
Native extension for WindowsStandalone target not found
Refreshing native plugins compatible for Editor in 0.22 ms, found 0 plugins.
Preloading 0 native plugins for Editor in 0.00 ms.
Invoked RoslynAnalysisRunner static constructor.
RoslynAnalysisRunner will not be running.
RoslynAnalysisRunner has terminated.
Mono: successfully reloaded assembly
- Completed reload, in  0.647 seconds
Platform modules already initialized, skipping
Refreshing native plugins compatible for Editor in 0.22 ms, found 0 plugins.
Preloading 0 native plugins for Editor in 0.00 ms.
Unloading 1120 Unused Serialized files (Serialized files now loaded: 0)
System memory in use before: 60.2 MB.
System memory in use after: 60.2 MB.

Unloading 5 unused Assets to reduce memory usage. Loaded Objects now: 1591.
Total: 1.863400 ms (FindLiveObjects: 0.191400 ms CreateObjectMapping: 0.055700 ms MarkObjects: 1.545000 ms  DeleteObjects: 0.070500 ms)

========================================================================
Received Prepare
Registering precompiled user dll's ...
Registered in 0.000539 seconds.
Begin MonoManager ReloadAssembly
Native extension for WindowsStandalone target not found
Refreshing native plugins compatible for Editor in 0.21 ms, found 0 plugins.
Preloading 0 native plugins for Editor in 0.00 ms.
Invoked RoslynAnalysisRunner static constructor.
RoslynAnalysisRunner will not be running.
RoslynAnalysisRunner has terminated.
Mono: successfully reloaded assembly
- Completed reload, in  0.653 seconds
Platform modules already initialized, skipping
Refreshing native plugins compatible for Editor in 0.23 ms, found 0 plugins.
Preloading 0 native plugins for Editor in 0.00 ms.
Unloading 1120 Unused Serialized files (Serialized files now loaded: 0)
System memory in use before: 60.2 MB.
System memory in use after: 60.3 MB.

Unloading 5 unused Assets to reduce memory usage. Loaded Objects now: 1594.
Total: 1.617900 ms (FindLiveObjects: 0.149200 ms CreateObjectMapping: 0.038200 ms MarkObjects: 1.378400 ms  DeleteObjects: 0.050200 ms)

AssetImportWorkerClient::OnTransportError - code=2 error=End of file
