Using pre-set license
Built from '2020.3/release' branch; Version is '2020.3.2f1 (8fd9074bf66c) revision 9427207'; Using compiler version '192528614'; Build Type 'Release'
OS: 'Windows 10 Pro; OS build 19042.928; Version 2009; 64bit' Language: 'ko' Physical Memory: 16315 MB
BatchMode: 1, IsHumanControllingUs: 0, StartBugReporterOnCrash: 0, Is64bit: 1, IsPro: 0

 COMMAND LINE ARGUMENTS:
C:\Program Files\Unity\Hub\Editor\2020.3.2f1\Editor\Unity.exe
-adb2
-batchMode
-noUpm
-name
AssetImportWorker0
-projectPath
C:/Users/DMC CONET/Desktop/Unity/UnityStudy/Json_untiy
-logFile
Logs/AssetImportWorker0.log
-srvPort
50452
Successfully changed project path to: C:/Users/DMC CONET/Desktop/Unity/UnityStudy/Json_untiy
C:/Users/DMC CONET/Desktop/Unity/UnityStudy/Json_untiy
Using Asset Import Pipeline V2.
Refreshing native plugins compatible for Editor in 21.62 ms, found 0 plugins.
Preloading 0 native plugins for Editor in 0.00 ms.
Initialize engine version: 2020.3.2f1 (8fd9074bf66c)
[Subsystems] Discovering subsystems at path C:/Program Files/Unity/Hub/Editor/2020.3.2f1/Editor/Data/Resources/UnitySubsystems
[Subsystems] Discovering subsystems at path C:/Users/DMC CONET/Desktop/Unity/UnityStudy/Json_untiy/Assets
GfxDevice: creating device client; threaded=0
Direct3D:
    Version:  Direct3D 11.0 [level 11.1]
    Renderer: NVIDIA GeForce GTX 1660 SUPER (ID=0x21c4)
    Vendor:   
    VRAM:     5991 MB
    Driver:   27.21.14.5751
Initialize mono
Mono path[0] = 'C:/Program Files/Unity/Hub/Editor/2020.3.2f1/Editor/Data/Managed'
Mono path[1] = 'C:/Program Files/Unity/Hub/Editor/2020.3.2f1/Editor/Data/MonoBleedingEdge/lib/mono/unityjit'
Mono config path = 'C:/Program Files/Unity/Hub/Editor/2020.3.2f1/Editor/Data/MonoBleedingEdge/etc'
Using monoOptions --debugger-agent=transport=dt_socket,embedding=1,server=y,suspend=n,address=127.0.0.1:56176
Begin MonoManager ReloadAssembly
Registering precompiled unity dll's ...
Register platform support module: C:/Program Files/Unity/Hub/Editor/2020.3.2f1/Editor/Data/PlaybackEngines/WindowsStandaloneSupport/UnityEditor.WindowsStandalone.Extensions.dll
Registered in 0.001417 seconds.
Native extension for WindowsStandalone target not found
Refreshing native plugins compatible for Editor in 20.74 ms, found 0 plugins.
Preloading 0 native plugins for Editor in 0.00 ms.
Invoked RoslynAnalysisRunner static constructor.
RoslynAnalysisRunner will not be running.
RoslynAnalysisRunner has terminated.
Mono: successfully reloaded assembly
- Completed reload, in  1.537 seconds
Platform modules already initialized, skipping
Registering precompiled user dll's ...
Registered in 0.001360 seconds.
Begin MonoManager ReloadAssembly
Native extension for WindowsStandalone target not found
Refreshing native plugins compatible for Editor in 0.22 ms, found 0 plugins.
Preloading 0 native plugins for Editor in 0.00 ms.
Invoked RoslynAnalysisRunner static constructor.
RoslynAnalysisRunner will not be running.
RoslynAnalysisRunner has terminated.
Mono: successfully reloaded assembly
- Completed reload, in  0.798 seconds
Platform modules already initialized, skipping
========================================================================
Worker process is ready to serve import requests
Launched and connected shader compiler UnityShaderCompiler.exe after 0.03 seconds
Refreshing native plugins compatible for Editor in 0.23 ms, found 0 plugins.
Preloading 0 native plugins for Editor in 0.00 ms.
Unloading 1126 Unused Serialized files (Serialized files now loaded: 0)
System memory in use before: 60.1 MB.
System memory in use after: 60.1 MB.

Unloading 13 unused Assets to reduce memory usage. Loaded Objects now: 1566.
Total: 1.877200 ms (FindLiveObjects: 0.170800 ms CreateObjectMapping: 0.059300 ms MarkObjects: 1.567300 ms  DeleteObjects: 0.078800 ms)

========================================================================
Received Import Request.
  path: Assets/ChangeColor.cs
  artifactKey: Guid(effd5f75353ed8849815bf5e36b10c56) Importer(815301076,1909f56bfc062723c751e8b465ee728b)
Start importing Assets/ChangeColor.cs using Guid(effd5f75353ed8849815bf5e36b10c56) Importer(815301076,1909f56bfc062723c751e8b465ee728b)  -> (artifact id: '62444e027ee8b6c8c11b88fefe4f1d1b') in 0.017970 seconds
  Import took 0.019880 seconds .

========================================================================
Received Prepare
Registering precompiled user dll's ...
Registered in 0.001237 seconds.
Begin MonoManager ReloadAssembly
Native extension for WindowsStandalone target not found
Refreshing native plugins compatible for Editor in 0.21 ms, found 0 plugins.
Preloading 0 native plugins for Editor in 0.00 ms.
Invoked RoslynAnalysisRunner static constructor.
RoslynAnalysisRunner will not be running.
RoslynAnalysisRunner has terminated.
Mono: successfully reloaded assembly
- Completed reload, in  0.775 seconds
Platform modules already initialized, skipping
Refreshing native plugins compatible for Editor in 0.20 ms, found 0 plugins.
Preloading 0 native plugins for Editor in 0.00 ms.
Unloading 1121 Unused Serialized files (Serialized files now loaded: 0)
System memory in use before: 60.0 MB.
System memory in use after: 60.1 MB.

Unloading 8 unused Assets to reduce memory usage. Loaded Objects now: 1569.
Total: 1.455000 ms (FindLiveObjects: 0.146700 ms CreateObjectMapping: 0.042800 ms MarkObjects: 1.226000 ms  DeleteObjects: 0.038800 ms)

========================================================================
Received Prepare
Registering precompiled user dll's ...
Registered in 0.001369 seconds.
Begin MonoManager ReloadAssembly
Native extension for WindowsStandalone target not found
Refreshing native plugins compatible for Editor in 0.21 ms, found 0 plugins.
Preloading 0 native plugins for Editor in 0.00 ms.
Invoked RoslynAnalysisRunner static constructor.
RoslynAnalysisRunner will not be running.
RoslynAnalysisRunner has terminated.
Mono: successfully reloaded assembly
- Completed reload, in  0.657 seconds
Platform modules already initialized, skipping
Refreshing native plugins compatible for Editor in 0.20 ms, found 0 plugins.
Preloading 0 native plugins for Editor in 0.00 ms.
Unloading 1121 Unused Serialized files (Serialized files now loaded: 0)
System memory in use before: 60.0 MB.
System memory in use after: 60.1 MB.

Unloading 8 unused Assets to reduce memory usage. Loaded Objects now: 1572.
Total: 1.497400 ms (FindLiveObjects: 0.135200 ms CreateObjectMapping: 0.031300 ms MarkObjects: 1.285900 ms  DeleteObjects: 0.043800 ms)

========================================================================
Received Import Request.
  Time since last request: 296.536898 seconds.
  path: Assets/ChangeColor.cs
  artifactKey: Guid(effd5f75353ed8849815bf5e36b10c56) Importer(815301076,1909f56bfc062723c751e8b465ee728b)
Start importing Assets/ChangeColor.cs using Guid(effd5f75353ed8849815bf5e36b10c56) Importer(815301076,1909f56bfc062723c751e8b465ee728b)  -> (artifact id: 'e26b1cbef4bb0bd7a37118c6f7af5aed') in 0.003325 seconds
  Import took 0.004883 seconds .

========================================================================
Received Import Request.
  Time since last request: 5077.266932 seconds.
  path: Assets/DelegateSample.cs
  artifactKey: Guid(0436df96dc22a9248881ae26778e6ac4) Importer(815301076,1909f56bfc062723c751e8b465ee728b)
Start importing Assets/DelegateSample.cs using Guid(0436df96dc22a9248881ae26778e6ac4) Importer(815301076,1909f56bfc062723c751e8b465ee728b)  -> (artifact id: '89dfecd2819436ea27f35a22b995dc8f') in 0.006342 seconds
  Import took 0.008234 seconds .

========================================================================
Received Prepare
Registering precompiled user dll's ...
Registered in 0.001367 seconds.
Begin MonoManager ReloadAssembly
Native extension for WindowsStandalone target not found
Refreshing native plugins compatible for Editor in 0.27 ms, found 0 plugins.
Preloading 0 native plugins for Editor in 0.00 ms.
Invoked RoslynAnalysisRunner static constructor.
RoslynAnalysisRunner will not be running.
RoslynAnalysisRunner has terminated.
Mono: successfully reloaded assembly
- Completed reload, in  0.761 seconds
Platform modules already initialized, skipping
Refreshing native plugins compatible for Editor in 0.20 ms, found 0 plugins.
Preloading 0 native plugins for Editor in 0.00 ms.
Unloading 1122 Unused Serialized files (Serialized files now loaded: 0)
System memory in use before: 60.0 MB.
System memory in use after: 60.1 MB.

Unloading 8 unused Assets to reduce memory usage. Loaded Objects now: 1576.
Total: 1.554800 ms (FindLiveObjects: 0.138500 ms CreateObjectMapping: 0.035800 ms MarkObjects: 1.335600 ms  DeleteObjects: 0.044100 ms)

========================================================================
Received Prepare
Registering precompiled user dll's ...
Registered in 0.001325 seconds.
Begin MonoManager ReloadAssembly
Native extension for WindowsStandalone target not found
Refreshing native plugins compatible for Editor in 0.21 ms, found 0 plugins.
Preloading 0 native plugins for Editor in 0.00 ms.
Invoked RoslynAnalysisRunner static constructor.
RoslynAnalysisRunner will not be running.
RoslynAnalysisRunner has terminated.
Mono: successfully reloaded assembly
- Completed reload, in  0.739 seconds
Platform modules already initialized, skipping
Refreshing native plugins compatible for Editor in 0.21 ms, found 0 plugins.
Preloading 0 native plugins for Editor in 0.00 ms.
Unloading 1122 Unused Serialized files (Serialized files now loaded: 0)
System memory in use before: 60.1 MB.
System memory in use after: 60.1 MB.

Unloading 8 unused Assets to reduce memory usage. Loaded Objects now: 1579.
Total: 1.473900 ms (FindLiveObjects: 0.128400 ms CreateObjectMapping: 0.032800 ms MarkObjects: 1.264700 ms  DeleteObjects: 0.046700 ms)

========================================================================
Received Import Request.
  Time since last request: 1008.955327 seconds.
  path: Assets/DelegateSample.cs
  artifactKey: Guid(0436df96dc22a9248881ae26778e6ac4) Importer(815301076,1909f56bfc062723c751e8b465ee728b)
Start importing Assets/DelegateSample.cs using Guid(0436df96dc22a9248881ae26778e6ac4) Importer(815301076,1909f56bfc062723c751e8b465ee728b)  -> (artifact id: '440489f3010a478f010da7b4b91d90d4') in 0.003287 seconds
  Import took 0.004875 seconds .

========================================================================
Received Prepare
Registering precompiled user dll's ...
Registered in 0.001394 seconds.
Begin MonoManager ReloadAssembly
Native extension for WindowsStandalone target not found
Refreshing native plugins compatible for Editor in 0.23 ms, found 0 plugins.
Preloading 0 native plugins for Editor in 0.00 ms.
Invoked RoslynAnalysisRunner static constructor.
RoslynAnalysisRunner will not be running.
RoslynAnalysisRunner has terminated.
Mono: successfully reloaded assembly
- Completed reload, in  0.724 seconds
Platform modules already initialized, skipping
Refreshing native plugins compatible for Editor in 0.19 ms, found 0 plugins.
Preloading 0 native plugins for Editor in 0.00 ms.
Unloading 1122 Unused Serialized files (Serialized files now loaded: 0)
System memory in use before: 60.1 MB.
System memory in use after: 60.1 MB.

Unloading 8 unused Assets to reduce memory usage. Loaded Objects now: 1582.
Total: 1.589800 ms (FindLiveObjects: 0.130700 ms CreateObjectMapping: 0.031700 ms MarkObjects: 1.380700 ms  DeleteObjects: 0.046100 ms)

========================================================================
Received Import Request.
  Time since last request: 1419.378510 seconds.
  path: Assets/DelegateSample.cs
  artifactKey: Guid(0436df96dc22a9248881ae26778e6ac4) Importer(815301076,1909f56bfc062723c751e8b465ee728b)
Start importing Assets/DelegateSample.cs using Guid(0436df96dc22a9248881ae26778e6ac4) Importer(815301076,1909f56bfc062723c751e8b465ee728b)  -> (artifact id: '0f162140bb962360a66b5d0c90df9405') in 0.003801 seconds
  Import took 0.005423 seconds .

========================================================================
Received Import Request.
  Time since last request: 762.336821 seconds.
  path: Assets/Scripts
  artifactKey: Guid(ed8a78b7a1739f4488653988ffa238eb) Importer(815301076,1909f56bfc062723c751e8b465ee728b)
Start importing Assets/Scripts using Guid(ed8a78b7a1739f4488653988ffa238eb) Importer(815301076,1909f56bfc062723c751e8b465ee728b)  -> (artifact id: 'a6af00ccb13d8abb532916db717ef724') in 0.008413 seconds
  Import took 0.010267 seconds .

========================================================================
Received Import Request.
  Time since last request: 8.537441 seconds.
  path: Assets/LoadImage.cs
  artifactKey: Guid(2512186cc1c27534daf7bb19d10184ac) Importer(815301076,1909f56bfc062723c751e8b465ee728b)
Start importing Assets/LoadImage.cs using Guid(2512186cc1c27534daf7bb19d10184ac) Importer(815301076,1909f56bfc062723c751e8b465ee728b)  -> (artifact id: '49a9488c1a70f2c35aba9f770aefe45e') in 0.005247 seconds
  Import took 0.006975 seconds .

========================================================================
Received Import Request.
  Time since last request: 0.000867 seconds.
  path: Assets/LoadImage.cs
  artifactKey: Guid(2512186cc1c27534daf7bb19d10184ac) Importer(815301076,1909f56bfc062723c751e8b465ee728b)
Start importing Assets/LoadImage.cs using Guid(2512186cc1c27534daf7bb19d10184ac) Importer(815301076,1909f56bfc062723c751e8b465ee728b)  -> (artifact id: '49a9488c1a70f2c35aba9f770aefe45e') in 0.001785 seconds
  Import took 0.003495 seconds .

========================================================================
Received Import Request.
  Time since last request: 1.062709 seconds.
  path: Assets/SaveFormatTest.cs
  artifactKey: Guid(35589ddc79dd8af47b6ed347f95269e7) Importer(815301076,1909f56bfc062723c751e8b465ee728b)
Start importing Assets/SaveFormatTest.cs using Guid(35589ddc79dd8af47b6ed347f95269e7) Importer(815301076,1909f56bfc062723c751e8b465ee728b)  -> (artifact id: 'd3b46709d6201b26dc82c67dfd41d80b') in 0.005481 seconds
  Import took 0.007384 seconds .

========================================================================
Received Prepare
Registering precompiled user dll's ...
Registered in 0.001257 seconds.
Begin MonoManager ReloadAssembly
Native extension for WindowsStandalone target not found
Refreshing native plugins compatible for Editor in 0.21 ms, found 0 plugins.
Preloading 0 native plugins for Editor in 0.00 ms.
Invoked RoslynAnalysisRunner static constructor.
RoslynAnalysisRunner will not be running.
RoslynAnalysisRunner has terminated.
Mono: successfully reloaded assembly
- Completed reload, in  0.657 seconds
Platform modules already initialized, skipping
Refreshing native plugins compatible for Editor in 0.20 ms, found 0 plugins.
Preloading 0 native plugins for Editor in 0.00 ms.
Unloading 1122 Unused Serialized files (Serialized files now loaded: 0)
System memory in use before: 60.1 MB.
System memory in use after: 60.2 MB.

Unloading 8 unused Assets to reduce memory usage. Loaded Objects now: 1585.
Total: 1.879700 ms (FindLiveObjects: 0.243600 ms CreateObjectMapping: 0.056400 ms MarkObjects: 1.521000 ms  DeleteObjects: 0.057900 ms)

========================================================================
Received Prepare
Registering precompiled user dll's ...
Registered in 0.001568 seconds.
Begin MonoManager ReloadAssembly
Native extension for WindowsStandalone target not found
Refreshing native plugins compatible for Editor in 0.22 ms, found 0 plugins.
Preloading 0 native plugins for Editor in 0.00 ms.
Invoked RoslynAnalysisRunner static constructor.
RoslynAnalysisRunner will not be running.
RoslynAnalysisRunner has terminated.
Mono: successfully reloaded assembly
- Completed reload, in  0.714 seconds
Platform modules already initialized, skipping
Refreshing native plugins compatible for Editor in 0.22 ms, found 0 plugins.
Preloading 0 native plugins for Editor in 0.00 ms.
Unloading 1122 Unused Serialized files (Serialized files now loaded: 0)
System memory in use before: 60.1 MB.
System memory in use after: 60.2 MB.

Unloading 8 unused Assets to reduce memory usage. Loaded Objects now: 1588.
Total: 1.705700 ms (FindLiveObjects: 0.248400 ms CreateObjectMapping: 0.063200 ms MarkObjects: 1.350700 ms  DeleteObjects: 0.041900 ms)

========================================================================
Received Import Request.
  Time since last request: 239.664917 seconds.
  path: Assets/Scripts/LoadTest.cs
  artifactKey: Guid(a7627ad86bf19344aac702ec4709a9c5) Importer(815301076,1909f56bfc062723c751e8b465ee728b)
Start importing Assets/Scripts/LoadTest.cs using Guid(a7627ad86bf19344aac702ec4709a9c5) Importer(815301076,1909f56bfc062723c751e8b465ee728b)  -> (artifact id: 'ce225350cbb840a64974353656db4f28') in 0.008368 seconds
  Import took 0.010159 seconds .

========================================================================
Received Import Request.
  Time since last request: 0.000668 seconds.
  path: Assets/Scripts/LoadTest.cs
  artifactKey: Guid(a7627ad86bf19344aac702ec4709a9c5) Importer(815301076,1909f56bfc062723c751e8b465ee728b)
Start importing Assets/Scripts/LoadTest.cs using Guid(a7627ad86bf19344aac702ec4709a9c5) Importer(815301076,1909f56bfc062723c751e8b465ee728b)  -> (artifact id: 'ce225350cbb840a64974353656db4f28') in 0.001817 seconds
  Import took 0.003477 seconds .

========================================================================
Received Prepare
Registering precompiled user dll's ...
Registered in 0.001332 seconds.
Begin MonoManager ReloadAssembly
Native extension for WindowsStandalone target not found
Refreshing native plugins compatible for Editor in 0.21 ms, found 0 plugins.
Preloading 0 native plugins for Editor in 0.00 ms.
Invoked RoslynAnalysisRunner static constructor.
RoslynAnalysisRunner will not be running.
RoslynAnalysisRunner has terminated.
Mono: successfully reloaded assembly
- Completed reload, in  0.719 seconds
Platform modules already initialized, skipping
Refreshing native plugins compatible for Editor in 0.22 ms, found 0 plugins.
Preloading 0 native plugins for Editor in 0.00 ms.
Unloading 1121 Unused Serialized files (Serialized files now loaded: 0)
System memory in use before: 60.1 MB.
System memory in use after: 60.1 MB.

Unloading 9 unused Assets to reduce memory usage. Loaded Objects now: 1590.
Total: 1.532900 ms (FindLiveObjects: 0.147900 ms CreateObjectMapping: 0.041400 ms MarkObjects: 1.296400 ms  DeleteObjects: 0.046200 ms)

========================================================================
Received Import Request.
  Time since last request: 10.286906 seconds.
  path: Assets/Scripts/SaveImageTest.cs
  artifactKey: Guid(86cf77063a22a4b418d306384603d7fb) Importer(815301076,1909f56bfc062723c751e8b465ee728b)
Start importing Assets/Scripts/SaveImageTest.cs using Guid(86cf77063a22a4b418d306384603d7fb) Importer(815301076,1909f56bfc062723c751e8b465ee728b)  -> (artifact id: 'f87042842cb02d2e213c6658c4ad0095') in 0.007999 seconds
  Import took 0.009832 seconds .

========================================================================
Received Import Request.
  Time since last request: 1.456803 seconds.
  path: Assets/Scripts/SaveImageFormatTest.cs
  artifactKey: Guid(119797e819568d34ea0a549fc200d8d7) Importer(815301076,1909f56bfc062723c751e8b465ee728b)
Start importing Assets/Scripts/SaveImageFormatTest.cs using Guid(119797e819568d34ea0a549fc200d8d7) Importer(815301076,1909f56bfc062723c751e8b465ee728b)  -> (artifact id: '2f1c70af6463b5e837b01b72bf9d1dd9') in 0.006252 seconds
  Import took 0.008131 seconds .

========================================================================
Received Import Request.
  Time since last request: 0.001733 seconds.
  path: Assets/Scripts/SaveImageFormatTest.cs
  artifactKey: Guid(119797e819568d34ea0a549fc200d8d7) Importer(815301076,1909f56bfc062723c751e8b465ee728b)
Start importing Assets/Scripts/SaveImageFormatTest.cs using Guid(119797e819568d34ea0a549fc200d8d7) Importer(815301076,1909f56bfc062723c751e8b465ee728b)  -> (artifact id: '2f1c70af6463b5e837b01b72bf9d1dd9') in 0.002071 seconds
  Import took 0.003850 seconds .

========================================================================
Received Import Request.
  Time since last request: 2.355041 seconds.
  path: Assets/Scripts/SaveTest.cs
  artifactKey: Guid(5b352f3a5ab6d36479155a68be1a0c0d) Importer(815301076,1909f56bfc062723c751e8b465ee728b)
Start importing Assets/Scripts/SaveTest.cs using Guid(5b352f3a5ab6d36479155a68be1a0c0d) Importer(815301076,1909f56bfc062723c751e8b465ee728b)  -> (artifact id: '41605cd67eb61861e5d6b9306c8ba64d') in 0.006589 seconds
  Import took 0.008855 seconds .

========================================================================
Received Import Request.
  Time since last request: 0.021954 seconds.
  path: Assets/Scripts/SaveTest.cs
  artifactKey: Guid(5b352f3a5ab6d36479155a68be1a0c0d) Importer(815301076,1909f56bfc062723c751e8b465ee728b)
Start importing Assets/Scripts/SaveTest.cs using Guid(5b352f3a5ab6d36479155a68be1a0c0d) Importer(815301076,1909f56bfc062723c751e8b465ee728b)  -> (artifact id: '41605cd67eb61861e5d6b9306c8ba64d') in 0.002141 seconds
  Import took 0.003887 seconds .

========================================================================
Received Import Request.
  Time since last request: 264.142905 seconds.
  path: Assets/Scripts/SaveTest.cs
  artifactKey: Guid(5b352f3a5ab6d36479155a68be1a0c0d) Importer(815301076,1909f56bfc062723c751e8b465ee728b)
Start importing Assets/Scripts/SaveTest.cs using Guid(5b352f3a5ab6d36479155a68be1a0c0d) Importer(815301076,1909f56bfc062723c751e8b465ee728b)  -> (artifact id: '90f4ad556fb875aab03a239d37e11484') in 0.001943 seconds
  Import took 0.003570 seconds .

========================================================================
Received Import Request.
  Time since last request: 15.095771 seconds.
  path: Assets/Scripts/SaveFormatTest.cs
  artifactKey: Guid(35589ddc79dd8af47b6ed347f95269e7) Importer(815301076,1909f56bfc062723c751e8b465ee728b)
Start importing Assets/Scripts/SaveFormatTest.cs using Guid(35589ddc79dd8af47b6ed347f95269e7) Importer(815301076,1909f56bfc062723c751e8b465ee728b)  -> (artifact id: '2058ac45e7557af8bdfc425262f335bf') in 0.001828 seconds
  Import took 0.003460 seconds .

========================================================================
Received Prepare
Registering precompiled user dll's ...
Registered in 0.001295 seconds.
Begin MonoManager ReloadAssembly
Native extension for WindowsStandalone target not found
Refreshing native plugins compatible for Editor in 0.20 ms, found 0 plugins.
Preloading 0 native plugins for Editor in 0.00 ms.
Invoked RoslynAnalysisRunner static constructor.
RoslynAnalysisRunner will not be running.
RoslynAnalysisRunner has terminated.
Mono: successfully reloaded assembly
- Completed reload, in  0.670 seconds
Platform modules already initialized, skipping
Refreshing native plugins compatible for Editor in 0.20 ms, found 0 plugins.
Preloading 0 native plugins for Editor in 0.00 ms.
Unloading 1113 Unused Serialized files (Serialized files now loaded: 0)
System memory in use before: 59.9 MB.
System memory in use after: 60.0 MB.

Unloading 16 unused Assets to reduce memory usage. Loaded Objects now: 1585.
Total: 1.581700 ms (FindLiveObjects: 0.124900 ms CreateObjectMapping: 0.031200 ms MarkObjects: 1.380800 ms  DeleteObjects: 0.044000 ms)

========================================================================
Received Import Request.
  Time since last request: 15.829876 seconds.
  path: Assets/Scripts/FileSaveTest.cs
  artifactKey: Guid(bd21cf0a6d13c4b42bca8a7a36bf2a03) Importer(815301076,1909f56bfc062723c751e8b465ee728b)
Start importing Assets/Scripts/FileSaveTest.cs using Guid(bd21cf0a6d13c4b42bca8a7a36bf2a03) Importer(815301076,1909f56bfc062723c751e8b465ee728b)  -> (artifact id: '482ec63ef096dd247f1ae14415ea753b') in 0.008714 seconds
  Import took 0.010744 seconds .

========================================================================
Received Prepare
Registering precompiled user dll's ...
Registered in 0.001275 seconds.
Begin MonoManager ReloadAssembly
Native extension for WindowsStandalone target not found
Refreshing native plugins compatible for Editor in 0.22 ms, found 0 plugins.
Preloading 0 native plugins for Editor in 0.00 ms.
Invoked RoslynAnalysisRunner static constructor.
RoslynAnalysisRunner will not be running.
RoslynAnalysisRunner has terminated.
Mono: successfully reloaded assembly
- Completed reload, in  0.744 seconds
Platform modules already initialized, skipping
Refreshing native plugins compatible for Editor in 0.21 ms, found 0 plugins.
Preloading 0 native plugins for Editor in 0.00 ms.
Unloading 1114 Unused Serialized files (Serialized files now loaded: 0)
System memory in use before: 59.9 MB.
System memory in use after: 60.0 MB.

Unloading 8 unused Assets to reduce memory usage. Loaded Objects now: 1589.
Total: 1.392800 ms (FindLiveObjects: 0.135900 ms CreateObjectMapping: 0.031600 ms MarkObjects: 1.180300 ms  DeleteObjects: 0.043900 ms)

========================================================================
Received Import Request.
  Time since last request: 15.773502 seconds.
  path: Assets/Scripts/FileSaveTest.cs
  artifactKey: Guid(bd21cf0a6d13c4b42bca8a7a36bf2a03) Importer(815301076,1909f56bfc062723c751e8b465ee728b)
Start importing Assets/Scripts/FileSaveTest.cs using Guid(bd21cf0a6d13c4b42bca8a7a36bf2a03) Importer(815301076,1909f56bfc062723c751e8b465ee728b)  -> (artifact id: '89d73974daef02d1f69b53646fad56db') in 0.003917 seconds
  Import took 0.005989 seconds .

========================================================================
Received Import Request.
  Time since last request: 36.961451 seconds.
  path: Assets/Scripts/ChangeColor.cs
  artifactKey: Guid(effd5f75353ed8849815bf5e36b10c56) Importer(815301076,1909f56bfc062723c751e8b465ee728b)
Start importing Assets/Scripts/ChangeColor.cs using Guid(effd5f75353ed8849815bf5e36b10c56) Importer(815301076,1909f56bfc062723c751e8b465ee728b)  -> (artifact id: '6aad9d428457bfd90238f45c311b356a') in 0.005500 seconds
  Import took 0.007286 seconds .

========================================================================
Received Import Request.
  Time since last request: 8.393495 seconds.
  path: Assets/Scripts/FileDataFormat.cs
  artifactKey: Guid(1727b095aa1777747b33b0261a872f7d) Importer(815301076,1909f56bfc062723c751e8b465ee728b)
Start importing Assets/Scripts/FileDataFormat.cs using Guid(1727b095aa1777747b33b0261a872f7d) Importer(815301076,1909f56bfc062723c751e8b465ee728b)  -> (artifact id: 'cf66be8482b20b05ba4ef3eff609ffb7') in 0.006231 seconds
  Import took 0.008574 seconds .

========================================================================
Received Import Request.
  Time since last request: 16.840645 seconds.
  path: Assets/Scripts/FileDataFormat.cs
  artifactKey: Guid(1727b095aa1777747b33b0261a872f7d) Importer(815301076,1909f56bfc062723c751e8b465ee728b)
Start importing Assets/Scripts/FileDataFormat.cs using Guid(1727b095aa1777747b33b0261a872f7d) Importer(815301076,1909f56bfc062723c751e8b465ee728b)  -> (artifact id: '2716bcf2abe058f316e524b5642f2865') in 0.001994 seconds
  Import took 0.003722 seconds .

========================================================================
Received Import Request.
  Time since last request: 6.634048 seconds.
  path: Assets/Scripts/FileLoad.cs
  artifactKey: Guid(a612d36d13c453943843a7cbf85bec64) Importer(815301076,1909f56bfc062723c751e8b465ee728b)
Start importing Assets/Scripts/FileLoad.cs using Guid(a612d36d13c453943843a7cbf85bec64) Importer(815301076,1909f56bfc062723c751e8b465ee728b)  -> (artifact id: '13a55c8dd13f22eed89b002f8cb320f8') in 0.006373 seconds
  Import took 0.008190 seconds .

========================================================================
Received Import Request.
  Time since last request: 16.472523 seconds.
  path: Assets/Scripts/FileLoad.cs
  artifactKey: Guid(a612d36d13c453943843a7cbf85bec64) Importer(815301076,1909f56bfc062723c751e8b465ee728b)
Start importing Assets/Scripts/FileLoad.cs using Guid(a612d36d13c453943843a7cbf85bec64) Importer(815301076,1909f56bfc062723c751e8b465ee728b)  -> (artifact id: 'cad749300018666c6940695f84f4e0d3') in 0.001885 seconds
  Import took 0.003542 seconds .

========================================================================
Received Import Request.
  Time since last request: 3.580636 seconds.
  path: Assets/Scripts/FileImageLoad.cs
  artifactKey: Guid(7347f25fe8d4c7f4a88785efe7dd4695) Importer(815301076,1909f56bfc062723c751e8b465ee728b)
Start importing Assets/Scripts/FileImageLoad.cs using Guid(7347f25fe8d4c7f4a88785efe7dd4695) Importer(815301076,1909f56bfc062723c751e8b465ee728b)  -> (artifact id: 'b63d1c36cf7cc0115eb05ac2a407f509') in 0.005851 seconds
  Import took 0.007800 seconds .

========================================================================
Received Import Request.
  Time since last request: 10.852683 seconds.
  path: Assets/Scripts/FileImageLoad.cs
  artifactKey: Guid(7347f25fe8d4c7f4a88785efe7dd4695) Importer(815301076,1909f56bfc062723c751e8b465ee728b)
Start importing Assets/Scripts/FileImageLoad.cs using Guid(7347f25fe8d4c7f4a88785efe7dd4695) Importer(815301076,1909f56bfc062723c751e8b465ee728b)  -> (artifact id: 'fec04a73f16234fa256e68c3feef3524') in 0.001941 seconds
  Import took 0.003744 seconds .

========================================================================
Received Import Request.
  Time since last request: 11.842172 seconds.
  path: Assets/Scripts/FileImageSave.cs
  artifactKey: Guid(72b764c6fe9a7d841a0453291e13998c) Importer(815301076,1909f56bfc062723c751e8b465ee728b)
Start importing Assets/Scripts/FileImageSave.cs using Guid(72b764c6fe9a7d841a0453291e13998c) Importer(815301076,1909f56bfc062723c751e8b465ee728b)  -> (artifact id: '77855818f4e2b0603dceeb431f1f4bd3') in 0.005662 seconds
  Import took 0.007716 seconds .

========================================================================
Received Import Request.
  Time since last request: 14.359120 seconds.
  path: Assets/Scripts/FileImageSave.cs
  artifactKey: Guid(72b764c6fe9a7d841a0453291e13998c) Importer(815301076,1909f56bfc062723c751e8b465ee728b)
Start importing Assets/Scripts/FileImageSave.cs using Guid(72b764c6fe9a7d841a0453291e13998c) Importer(815301076,1909f56bfc062723c751e8b465ee728b)  -> (artifact id: '6b59bf2db4a0542d288dbff59e09f933') in 0.001864 seconds
  Import took 0.003537 seconds .

========================================================================
Received Import Request.
  Time since last request: 3.319406 seconds.
  path: Assets/Scripts/DelegateSampe.cs
  artifactKey: Guid(846aa2f83943ba540a7eba71a727ba6e) Importer(815301076,1909f56bfc062723c751e8b465ee728b)
Start importing Assets/Scripts/DelegateSampe.cs using Guid(846aa2f83943ba540a7eba71a727ba6e) Importer(815301076,1909f56bfc062723c751e8b465ee728b)  -> (artifact id: '33ad96a7fd508058d81a470ab0132d9e') in 0.005706 seconds
  Import took 0.007703 seconds .

========================================================================
Received Prepare
Registering precompiled user dll's ...
Registered in 0.001409 seconds.
Begin MonoManager ReloadAssembly
Native extension for WindowsStandalone target not found
Refreshing native plugins compatible for Editor in 0.21 ms, found 0 plugins.
Preloading 0 native plugins for Editor in 0.00 ms.
Invoked RoslynAnalysisRunner static constructor.
RoslynAnalysisRunner will not be running.
RoslynAnalysisRunner has terminated.
Mono: successfully reloaded assembly
- Completed reload, in  0.656 seconds
Platform modules already initialized, skipping
Refreshing native plugins compatible for Editor in 0.21 ms, found 0 plugins.
Preloading 0 native plugins for Editor in 0.00 ms.
Unloading 1120 Unused Serialized files (Serialized files now loaded: 0)
System memory in use before: 60.1 MB.
System memory in use after: 60.1 MB.

Unloading 8 unused Assets to reduce memory usage. Loaded Objects now: 1598.
Total: 1.625000 ms (FindLiveObjects: 0.164600 ms CreateObjectMapping: 0.042800 ms MarkObjects: 1.372200 ms  DeleteObjects: 0.044300 ms)

========================================================================
Received Import Request.
  Time since last request: 23.079386 seconds.
  path: Assets/Scripts/DelegateSampe.cs
  artifactKey: Guid(846aa2f83943ba540a7eba71a727ba6e) Importer(815301076,1909f56bfc062723c751e8b465ee728b)
Start importing Assets/Scripts/DelegateSampe.cs using Guid(846aa2f83943ba540a7eba71a727ba6e) Importer(815301076,1909f56bfc062723c751e8b465ee728b)  -> (artifact id: 'b3ee46b24197a8ada584368e19c83e82') in 0.003719 seconds
  Import took 0.005350 seconds .

========================================================================
Received Import Request.
  Time since last request: 611.219892 seconds.
  path: Assets/search.html
  artifactKey: Guid(89052bbf36183784da6c1731db93928c) Importer(815301076,1909f56bfc062723c751e8b465ee728b)
Start importing Assets/search.html using Guid(89052bbf36183784da6c1731db93928c) Importer(815301076,1909f56bfc062723c751e8b465ee728b)  -> (artifact id: '915781a44d66a00d7a8cde26b083c82f') in 0.019218 seconds
  Import took 0.021164 seconds .

========================================================================
Received Import Request.
  Time since last request: 50.107901 seconds.
  path: Assets/P.jpg
  artifactKey: Guid(e496d7bdb49d23540aaa9e47f4e99f16) Importer(815301076,1909f56bfc062723c751e8b465ee728b)
Start importing Assets/P.jpg using Guid(e496d7bdb49d23540aaa9e47f4e99f16) Importer(815301076,1909f56bfc062723c751e8b465ee728b)  -> (artifact id: 'ad40b99454c010bd36ab1354e4a3a3c4') in 0.034475 seconds
  Import took 0.036168 seconds .

========================================================================
Received Import Request.
  Time since last request: 10.669625 seconds.
  path: Assets/P.jpg
  artifactKey: Guid(e496d7bdb49d23540aaa9e47f4e99f16) Importer(815301076,1909f56bfc062723c751e8b465ee728b)
Start importing Assets/P.jpg using Guid(e496d7bdb49d23540aaa9e47f4e99f16) Importer(815301076,1909f56bfc062723c751e8b465ee728b)  -> (artifact id: '141fb6a7cced64dd0c72556b31a9e9c9') in 0.043219 seconds
  Import took 0.044948 seconds .

========================================================================
Received Import Request.
  Time since last request: 128.882104 seconds.
  path: Assets/Image.prefab
  artifactKey: Guid(f0ca6df8e78885f4d86cba68e1358ca1) Importer(815301076,1909f56bfc062723c751e8b465ee728b)
Start importing Assets/Image.prefab using Guid(f0ca6df8e78885f4d86cba68e1358ca1) Importer(815301076,1909f56bfc062723c751e8b465ee728b)  -> (artifact id: '079ad601e4f0241a56845cbd0f3a9c2a') in 0.018633 seconds
  Import took 0.020468 seconds .

========================================================================
Received Import Request.
  Time since last request: 0.003484 seconds.
  path: Assets/Image.prefab
  artifactKey: Guid(f0ca6df8e78885f4d86cba68e1358ca1) Importer(815301076,1909f56bfc062723c751e8b465ee728b)
Start importing Assets/Image.prefab using Guid(f0ca6df8e78885f4d86cba68e1358ca1) Importer(815301076,1909f56bfc062723c751e8b465ee728b)  -> (artifact id: '079ad601e4f0241a56845cbd0f3a9c2a') in 0.003082 seconds
  Import took 0.004819 seconds .

========================================================================
Received Import Request.
  Time since last request: 2.496130 seconds.
  path: Assets/Image (1).prefab
  artifactKey: Guid(53dba318184f07d47bac22cfdd55997f) Importer(815301076,1909f56bfc062723c751e8b465ee728b)
Start importing Assets/Image (1).prefab using Guid(53dba318184f07d47bac22cfdd55997f) Importer(815301076,1909f56bfc062723c751e8b465ee728b)  -> (artifact id: 'a0c4cc09a4b7cdb9b7b57c82551e7a46') in 0.007992 seconds
  Import took 0.009873 seconds .

========================================================================
Received Prepare
Registering precompiled user dll's ...
Registered in 0.001373 seconds.
Begin MonoManager ReloadAssembly
Native extension for WindowsStandalone target not found
Refreshing native plugins compatible for Editor in 0.27 ms, found 0 plugins.
Preloading 0 native plugins for Editor in 0.00 ms.
Invoked RoslynAnalysisRunner static constructor.
RoslynAnalysisRunner will not be running.
RoslynAnalysisRunner has terminated.
Mono: successfully reloaded assembly
- Completed reload, in  0.735 seconds
Platform modules already initialized, skipping
Refreshing native plugins compatible for Editor in 0.20 ms, found 0 plugins.
Preloading 0 native plugins for Editor in 0.00 ms.
Unloading 1120 Unused Serialized files (Serialized files now loaded: 0)
System memory in use before: 63.2 MB.
System memory in use after: 63.2 MB.

Unloading 8 unused Assets to reduce memory usage. Loaded Objects now: 1608.
Total: 1.424000 ms (FindLiveObjects: 0.134600 ms CreateObjectMapping: 0.033000 ms MarkObjects: 1.216700 ms  DeleteObjects: 0.038500 ms)

========================================================================
Received Import Request.
  Time since last request: 1789.100678 seconds.
  path: Assets/Image.prefab
  artifactKey: Guid(f0ca6df8e78885f4d86cba68e1358ca1) Importer(815301076,1909f56bfc062723c751e8b465ee728b)
Start importing Assets/Image.prefab using Guid(f0ca6df8e78885f4d86cba68e1358ca1) Importer(815301076,1909f56bfc062723c751e8b465ee728b)  -> (artifact id: 'dbfc3d4a1649f1b5297db9021b84455a') in 0.039183 seconds
  Import took 0.041395 seconds .

========================================================================
Received Prepare
Registering precompiled user dll's ...
Registered in 0.001397 seconds.
Begin MonoManager ReloadAssembly
Native extension for WindowsStandalone target not found
Refreshing native plugins compatible for Editor in 0.20 ms, found 0 plugins.
Preloading 0 native plugins for Editor in 0.00 ms.
Invoked RoslynAnalysisRunner static constructor.
RoslynAnalysisRunner will not be running.
RoslynAnalysisRunner has terminated.
Mono: successfully reloaded assembly
- Completed reload, in  0.725 seconds
Platform modules already initialized, skipping
Refreshing native plugins compatible for Editor in 0.19 ms, found 0 plugins.
Preloading 0 native plugins for Editor in 0.00 ms.
Unloading 1120 Unused Serialized files (Serialized files now loaded: 0)
System memory in use before: 63.2 MB.
System memory in use after: 63.2 MB.

Unloading 8 unused Assets to reduce memory usage. Loaded Objects now: 1611.
Total: 1.489200 ms (FindLiveObjects: 0.171400 ms CreateObjectMapping: 0.029400 ms MarkObjects: 1.249100 ms  DeleteObjects: 0.038300 ms)

========================================================================
Received Prepare
Registering precompiled user dll's ...
Registered in 0.001427 seconds.
Begin MonoManager ReloadAssembly
Native extension for WindowsStandalone target not found
Refreshing native plugins compatible for Editor in 0.21 ms, found 0 plugins.
Preloading 0 native plugins for Editor in 0.00 ms.
Invoked RoslynAnalysisRunner static constructor.
RoslynAnalysisRunner will not be running.
RoslynAnalysisRunner has terminated.
Mono: successfully reloaded assembly
- Completed reload, in  0.649 seconds
Platform modules already initialized, skipping
Refreshing native plugins compatible for Editor in 0.20 ms, found 0 plugins.
Preloading 0 native plugins for Editor in 0.00 ms.
Unloading 1120 Unused Serialized files (Serialized files now loaded: 0)
System memory in use before: 63.2 MB.
System memory in use after: 63.2 MB.

Unloading 8 unused Assets to reduce memory usage. Loaded Objects now: 1614.
Total: 1.640000 ms (FindLiveObjects: 0.192400 ms CreateObjectMapping: 0.058100 ms MarkObjects: 1.346600 ms  DeleteObjects: 0.041600 ms)

========================================================================
Received Prepare
Registering precompiled user dll's ...
Registered in 0.002253 seconds.
Begin MonoManager ReloadAssembly
Native extension for WindowsStandalone target not found
Refreshing native plugins compatible for Editor in 0.21 ms, found 0 plugins.
Preloading 0 native plugins for Editor in 0.00 ms.
Invoked RoslynAnalysisRunner static constructor.
RoslynAnalysisRunner will not be running.
RoslynAnalysisRunner has terminated.
Mono: successfully reloaded assembly
- Completed reload, in  0.681 seconds
Platform modules already initialized, skipping
Refreshing native plugins compatible for Editor in 0.23 ms, found 0 plugins.
Preloading 0 native plugins for Editor in 0.00 ms.
Unloading 1120 Unused Serialized files (Serialized files now loaded: 0)
System memory in use before: 63.2 MB.
System memory in use after: 63.2 MB.

Unloading 8 unused Assets to reduce memory usage. Loaded Objects now: 1617.
Total: 2.599800 ms (FindLiveObjects: 0.273700 ms CreateObjectMapping: 0.067400 ms MarkObjects: 2.191500 ms  DeleteObjects: 0.065600 ms)

========================================================================
Received Import Request.
  Time since last request: 275.437119 seconds.
  path: Assets/Scripts/FileSaveTest.cs
  artifactKey: Guid(bd21cf0a6d13c4b42bca8a7a36bf2a03) Importer(815301076,1909f56bfc062723c751e8b465ee728b)
Start importing Assets/Scripts/FileSaveTest.cs using Guid(bd21cf0a6d13c4b42bca8a7a36bf2a03) Importer(815301076,1909f56bfc062723c751e8b465ee728b)  -> (artifact id: 'a29082bfaf58e9594926f433261cb89c') in 0.003892 seconds
  Import took 0.005806 seconds .

========================================================================
Received Import Request.
  Time since last request: 0.003727 seconds.
  path: Assets/Scripts/FileSaveTest.cs
  artifactKey: Guid(bd21cf0a6d13c4b42bca8a7a36bf2a03) Importer(815301076,1909f56bfc062723c751e8b465ee728b)
Start importing Assets/Scripts/FileSaveTest.cs using Guid(bd21cf0a6d13c4b42bca8a7a36bf2a03) Importer(815301076,1909f56bfc062723c751e8b465ee728b)  -> (artifact id: 'a29082bfaf58e9594926f433261cb89c') in 0.002444 seconds
  Import took 0.004831 seconds .

========================================================================
Received Prepare
Registering precompiled user dll's ...
Registered in 0.002204 seconds.
Begin MonoManager ReloadAssembly
Native extension for WindowsStandalone target not found
Refreshing native plugins compatible for Editor in 0.21 ms, found 0 plugins.
Preloading 0 native plugins for Editor in 0.00 ms.
Invoked RoslynAnalysisRunner static constructor.
RoslynAnalysisRunner will not be running.
RoslynAnalysisRunner has terminated.
Mono: successfully reloaded assembly
- Completed reload, in  0.643 seconds
Platform modules already initialized, skipping
Refreshing native plugins compatible for Editor in 0.20 ms, found 0 plugins.
Preloading 0 native plugins for Editor in 0.00 ms.
Unloading 1120 Unused Serialized files (Serialized files now loaded: 0)
System memory in use before: 63.2 MB.
System memory in use after: 63.3 MB.

Unloading 8 unused Assets to reduce memory usage. Loaded Objects now: 1620.
Total: 1.608700 ms (FindLiveObjects: 0.164100 ms CreateObjectMapping: 0.048900 ms MarkObjects: 1.310900 ms  DeleteObjects: 0.084000 ms)

========================================================================
Received Prepare
Registering precompiled user dll's ...
Registered in 0.001381 seconds.
Begin MonoManager ReloadAssembly
Native extension for WindowsStandalone target not found
Refreshing native plugins compatible for Editor in 0.22 ms, found 0 plugins.
Preloading 0 native plugins for Editor in 0.00 ms.
Invoked RoslynAnalysisRunner static constructor.
RoslynAnalysisRunner will not be running.
RoslynAnalysisRunner has terminated.
Mono: successfully reloaded assembly
- Completed reload, in  0.633 seconds
Platform modules already initialized, skipping
Refreshing native plugins compatible for Editor in 0.20 ms, found 0 plugins.
Preloading 0 native plugins for Editor in 0.00 ms.
Unloading 1120 Unused Serialized files (Serialized files now loaded: 0)
System memory in use before: 63.2 MB.
System memory in use after: 63.3 MB.

Unloading 8 unused Assets to reduce memory usage. Loaded Objects now: 1623.
Total: 1.610700 ms (FindLiveObjects: 0.148600 ms CreateObjectMapping: 0.036600 ms MarkObjects: 1.385300 ms  DeleteObjects: 0.039400 ms)

========================================================================
Received Prepare
Registering precompiled user dll's ...
Registered in 0.001413 seconds.
Begin MonoManager ReloadAssembly
Native extension for WindowsStandalone target not found
Refreshing native plugins compatible for Editor in 0.28 ms, found 0 plugins.
Preloading 0 native plugins for Editor in 0.00 ms.
Invoked RoslynAnalysisRunner static constructor.
RoslynAnalysisRunner will not be running.
RoslynAnalysisRunner has terminated.
Mono: successfully reloaded assembly
- Completed reload, in  0.698 seconds
Platform modules already initialized, skipping
Refreshing native plugins compatible for Editor in 0.33 ms, found 0 plugins.
Preloading 0 native plugins for Editor in 0.00 ms.
Unloading 1120 Unused Serialized files (Serialized files now loaded: 0)
System memory in use before: 63.2 MB.
System memory in use after: 63.3 MB.

Unloading 8 unused Assets to reduce memory usage. Loaded Objects now: 1626.
Total: 1.686900 ms (FindLiveObjects: 0.164600 ms CreateObjectMapping: 0.036200 ms MarkObjects: 1.440700 ms  DeleteObjects: 0.044600 ms)

========================================================================
Received Prepare
Registering precompiled user dll's ...
Registered in 0.001333 seconds.
Begin MonoManager ReloadAssembly
Native extension for WindowsStandalone target not found
Refreshing native plugins compatible for Editor in 0.22 ms, found 0 plugins.
Preloading 0 native plugins for Editor in 0.00 ms.
Invoked RoslynAnalysisRunner static constructor.
RoslynAnalysisRunner will not be running.
RoslynAnalysisRunner has terminated.
Mono: successfully reloaded assembly
- Completed reload, in  0.715 seconds
Platform modules already initialized, skipping
Refreshing native plugins compatible for Editor in 0.19 ms, found 0 plugins.
Preloading 0 native plugins for Editor in 0.00 ms.
Unloading 1120 Unused Serialized files (Serialized files now loaded: 0)
System memory in use before: 63.2 MB.
System memory in use after: 63.2 MB.

Unloading 8 unused Assets to reduce memory usage. Loaded Objects now: 1629.
Total: 1.417200 ms (FindLiveObjects: 0.138800 ms CreateObjectMapping: 0.031800 ms MarkObjects: 1.210500 ms  DeleteObjects: 0.035100 ms)

========================================================================
Received Prepare
Registering precompiled user dll's ...
Registered in 0.001324 seconds.
Begin MonoManager ReloadAssembly
Native extension for WindowsStandalone target not found
Refreshing native plugins compatible for Editor in 0.20 ms, found 0 plugins.
Preloading 0 native plugins for Editor in 0.00 ms.
Invoked RoslynAnalysisRunner static constructor.
RoslynAnalysisRunner will not be running.
RoslynAnalysisRunner has terminated.
Mono: successfully reloaded assembly
- Completed reload, in  0.633 seconds
Platform modules already initialized, skipping
Refreshing native plugins compatible for Editor in 0.20 ms, found 0 plugins.
Preloading 0 native plugins for Editor in 0.00 ms.
Unloading 1120 Unused Serialized files (Serialized files now loaded: 0)
System memory in use before: 63.2 MB.
System memory in use after: 63.2 MB.

Unloading 8 unused Assets to reduce memory usage. Loaded Objects now: 1632.
Total: 1.577700 ms (FindLiveObjects: 0.138300 ms CreateObjectMapping: 0.037100 ms MarkObjects: 1.329100 ms  DeleteObjects: 0.072300 ms)

========================================================================
Received Prepare
Registering precompiled user dll's ...
Registered in 0.001253 seconds.
Begin MonoManager ReloadAssembly
Native extension for WindowsStandalone target not found
Refreshing native plugins compatible for Editor in 0.20 ms, found 0 plugins.
Preloading 0 native plugins for Editor in 0.00 ms.
Invoked RoslynAnalysisRunner static constructor.
RoslynAnalysisRunner will not be running.
RoslynAnalysisRunner has terminated.
Mono: successfully reloaded assembly
- Completed reload, in  0.659 seconds
Platform modules already initialized, skipping
Refreshing native plugins compatible for Editor in 0.20 ms, found 0 plugins.
Preloading 0 native plugins for Editor in 0.00 ms.
Unloading 1120 Unused Serialized files (Serialized files now loaded: 0)
System memory in use before: 63.2 MB.
System memory in use after: 63.3 MB.

Unloading 8 unused Assets to reduce memory usage. Loaded Objects now: 1635.
Total: 1.427400 ms (FindLiveObjects: 0.155300 ms CreateObjectMapping: 0.035500 ms MarkObjects: 1.196600 ms  DeleteObjects: 0.039100 ms)

========================================================================
Received Prepare
Registering precompiled user dll's ...
Registered in 0.002186 seconds.
Begin MonoManager ReloadAssembly
Native extension for WindowsStandalone target not found
Refreshing native plugins compatible for Editor in 0.31 ms, found 0 plugins.
Preloading 0 native plugins for Editor in 0.00 ms.
Invoked RoslynAnalysisRunner static constructor.
RoslynAnalysisRunner will not be running.
RoslynAnalysisRunner has terminated.
Mono: successfully reloaded assembly
- Completed reload, in  0.709 seconds
Platform modules already initialized, skipping
Refreshing native plugins compatible for Editor in 0.21 ms, found 0 plugins.
Preloading 0 native plugins for Editor in 0.00 ms.
Unloading 1120 Unused Serialized files (Serialized files now loaded: 0)
System memory in use before: 63.2 MB.
System memory in use after: 63.3 MB.

Unloading 8 unused Assets to reduce memory usage. Loaded Objects now: 1638.
Total: 1.685100 ms (FindLiveObjects: 0.178000 ms CreateObjectMapping: 0.052600 ms MarkObjects: 1.406900 ms  DeleteObjects: 0.046700 ms)

========================================================================
Received Prepare
Registering precompiled user dll's ...
Registered in 0.001275 seconds.
Begin MonoManager ReloadAssembly
Native extension for WindowsStandalone target not found
Refreshing native plugins compatible for Editor in 0.21 ms, found 0 plugins.
Preloading 0 native plugins for Editor in 0.00 ms.
Invoked RoslynAnalysisRunner static constructor.
RoslynAnalysisRunner will not be running.
RoslynAnalysisRunner has terminated.
Mono: successfully reloaded assembly
- Completed reload, in  0.665 seconds
Platform modules already initialized, skipping
Refreshing native plugins compatible for Editor in 0.21 ms, found 0 plugins.
Preloading 0 native plugins for Editor in 0.00 ms.
Unloading 1120 Unused Serialized files (Serialized files now loaded: 0)
System memory in use before: 63.2 MB.
System memory in use after: 63.3 MB.

Unloading 8 unused Assets to reduce memory usage. Loaded Objects now: 1641.
Total: 1.528600 ms (FindLiveObjects: 0.171000 ms CreateObjectMapping: 0.041400 ms MarkObjects: 1.270000 ms  DeleteObjects: 0.044900 ms)

========================================================================
Received Prepare
Registering precompiled user dll's ...
Registered in 0.001276 seconds.
Begin MonoManager ReloadAssembly
Native extension for WindowsStandalone target not found
Refreshing native plugins compatible for Editor in 0.24 ms, found 0 plugins.
Preloading 0 native plugins for Editor in 0.00 ms.
Invoked RoslynAnalysisRunner static constructor.
RoslynAnalysisRunner will not be running.
RoslynAnalysisRunner has terminated.
Mono: successfully reloaded assembly
- Completed reload, in  0.663 seconds
Platform modules already initialized, skipping
Refreshing native plugins compatible for Editor in 0.21 ms, found 0 plugins.
Preloading 0 native plugins for Editor in 0.00 ms.
Unloading 1120 Unused Serialized files (Serialized files now loaded: 0)
System memory in use before: 63.2 MB.
System memory in use after: 63.3 MB.

Unloading 8 unused Assets to reduce memory usage. Loaded Objects now: 1644.
Total: 1.768800 ms (FindLiveObjects: 0.154700 ms CreateObjectMapping: 0.036400 ms MarkObjects: 1.532200 ms  DeleteObjects: 0.044300 ms)

========================================================================
Received Prepare
Registering precompiled user dll's ...
Registered in 0.001499 seconds.
Begin MonoManager ReloadAssembly
Native extension for WindowsStandalone target not found
Refreshing native plugins compatible for Editor in 0.21 ms, found 0 plugins.
Preloading 0 native plugins for Editor in 0.00 ms.
Invoked RoslynAnalysisRunner static constructor.
RoslynAnalysisRunner will not be running.
RoslynAnalysisRunner has terminated.
Mono: successfully reloaded assembly
- Completed reload, in  0.713 seconds
Platform modules already initialized, skipping
Refreshing native plugins compatible for Editor in 0.20 ms, found 0 plugins.
Preloading 0 native plugins for Editor in 0.00 ms.
Unloading 1120 Unused Serialized files (Serialized files now loaded: 0)
System memory in use before: 63.2 MB.
System memory in use after: 63.3 MB.

Unloading 8 unused Assets to reduce memory usage. Loaded Objects now: 1647.
Total: 1.411500 ms (FindLiveObjects: 0.132800 ms CreateObjectMapping: 0.033200 ms MarkObjects: 1.203200 ms  DeleteObjects: 0.041400 ms)

========================================================================
Received Prepare
Registering precompiled user dll's ...
Registered in 0.002346 seconds.
Begin MonoManager ReloadAssembly
Native extension for WindowsStandalone target not found
Refreshing native plugins compatible for Editor in 0.21 ms, found 0 plugins.
Preloading 0 native plugins for Editor in 0.00 ms.
Invoked RoslynAnalysisRunner static constructor.
RoslynAnalysisRunner will not be running.
RoslynAnalysisRunner has terminated.
Mono: successfully reloaded assembly
- Completed reload, in  0.704 seconds
Platform modules already initialized, skipping
Refreshing native plugins compatible for Editor in 0.23 ms, found 0 plugins.
Preloading 0 native plugins for Editor in 0.00 ms.
Unloading 1120 Unused Serialized files (Serialized files now loaded: 0)
System memory in use before: 63.2 MB.
System memory in use after: 63.3 MB.

Unloading 8 unused Assets to reduce memory usage. Loaded Objects now: 1650.
Total: 1.628200 ms (FindLiveObjects: 0.164500 ms CreateObjectMapping: 0.051000 ms MarkObjects: 1.368700 ms  DeleteObjects: 0.043200 ms)

========================================================================
Received Prepare
Registering precompiled user dll's ...
Registered in 0.001465 seconds.
Begin MonoManager ReloadAssembly
Native extension for WindowsStandalone target not found
Refreshing native plugins compatible for Editor in 0.26 ms, found 0 plugins.
Preloading 0 native plugins for Editor in 0.00 ms.
Invoked RoslynAnalysisRunner static constructor.
RoslynAnalysisRunner will not be running.
RoslynAnalysisRunner has terminated.
Mono: successfully reloaded assembly
- Completed reload, in  0.745 seconds
Platform modules already initialized, skipping
Refreshing native plugins compatible for Editor in 0.21 ms, found 0 plugins.
Preloading 0 native plugins for Editor in 0.00 ms.
Unloading 1120 Unused Serialized files (Serialized files now loaded: 0)
System memory in use before: 63.2 MB.
System memory in use after: 63.3 MB.

Unloading 8 unused Assets to reduce memory usage. Loaded Objects now: 1653.
Total: 1.398200 ms (FindLiveObjects: 0.137700 ms CreateObjectMapping: 0.033300 ms MarkObjects: 1.183000 ms  DeleteObjects: 0.043500 ms)

========================================================================
Received Prepare
Registering precompiled user dll's ...
Registered in 0.001836 seconds.
Begin MonoManager ReloadAssembly
Native extension for WindowsStandalone target not found
Refreshing native plugins compatible for Editor in 0.21 ms, found 0 plugins.
Preloading 0 native plugins for Editor in 0.00 ms.
Invoked RoslynAnalysisRunner static constructor.
RoslynAnalysisRunner will not be running.
RoslynAnalysisRunner has terminated.
Mono: successfully reloaded assembly
- Completed reload, in  0.711 seconds
Platform modules already initialized, skipping
Refreshing native plugins compatible for Editor in 0.21 ms, found 0 plugins.
Preloading 0 native plugins for Editor in 0.00 ms.
Unloading 1120 Unused Serialized files (Serialized files now loaded: 0)
System memory in use before: 63.2 MB.
System memory in use after: 63.3 MB.

Unloading 8 unused Assets to reduce memory usage. Loaded Objects now: 1656.
Total: 1.468700 ms (FindLiveObjects: 0.137200 ms CreateObjectMapping: 0.038300 ms MarkObjects: 1.252700 ms  DeleteObjects: 0.039500 ms)

========================================================================
Received Prepare
Registering precompiled user dll's ...
Registered in 0.002041 seconds.
Begin MonoManager ReloadAssembly
Native extension for WindowsStandalone target not found
Refreshing native plugins compatible for Editor in 0.20 ms, found 0 plugins.
Preloading 0 native plugins for Editor in 0.00 ms.
Invoked RoslynAnalysisRunner static constructor.
RoslynAnalysisRunner will not be running.
RoslynAnalysisRunner has terminated.
Mono: successfully reloaded assembly
- Completed reload, in  0.690 seconds
Platform modules already initialized, skipping
Refreshing native plugins compatible for Editor in 0.21 ms, found 0 plugins.
Preloading 0 native plugins for Editor in 0.00 ms.
Unloading 1120 Unused Serialized files (Serialized files now loaded: 0)
System memory in use before: 63.2 MB.
System memory in use after: 63.3 MB.

Unloading 8 unused Assets to reduce memory usage. Loaded Objects now: 1659.
Total: 1.594800 ms (FindLiveObjects: 0.183500 ms CreateObjectMapping: 0.048900 ms MarkObjects: 1.313100 ms  DeleteObjects: 0.048000 ms)

========================================================================
Received Prepare
Registering precompiled user dll's ...
Registered in 0.001773 seconds.
Begin MonoManager ReloadAssembly
Native extension for WindowsStandalone target not found
Refreshing native plugins compatible for Editor in 0.20 ms, found 0 plugins.
Preloading 0 native plugins for Editor in 0.00 ms.
Invoked RoslynAnalysisRunner static constructor.
RoslynAnalysisRunner will not be running.
RoslynAnalysisRunner has terminated.
Mono: successfully reloaded assembly
- Completed reload, in  0.660 seconds
Platform modules already initialized, skipping
Refreshing native plugins compatible for Editor in 0.23 ms, found 0 plugins.
Preloading 0 native plugins for Editor in 0.00 ms.
Unloading 1120 Unused Serialized files (Serialized files now loaded: 0)
System memory in use before: 63.2 MB.
System memory in use after: 63.3 MB.

Unloading 8 unused Assets to reduce memory usage. Loaded Objects now: 1662.
Total: 1.415700 ms (FindLiveObjects: 0.140800 ms CreateObjectMapping: 0.034400 ms MarkObjects: 1.199700 ms  DeleteObjects: 0.039900 ms)

========================================================================
Received Prepare
Registering precompiled user dll's ...
Registered in 0.001472 seconds.
Begin MonoManager ReloadAssembly
Native extension for WindowsStandalone target not found
Refreshing native plugins compatible for Editor in 0.20 ms, found 0 plugins.
Preloading 0 native plugins for Editor in 0.00 ms.
Invoked RoslynAnalysisRunner static constructor.
RoslynAnalysisRunner will not be running.
RoslynAnalysisRunner has terminated.
Mono: successfully reloaded assembly
- Completed reload, in  0.637 seconds
Platform modules already initialized, skipping
Refreshing native plugins compatible for Editor in 0.23 ms, found 0 plugins.
Preloading 0 native plugins for Editor in 0.00 ms.
Unloading 1120 Unused Serialized files (Serialized files now loaded: 0)
System memory in use before: 63.2 MB.
System memory in use after: 63.3 MB.

Unloading 8 unused Assets to reduce memory usage. Loaded Objects now: 1665.
Total: 1.355200 ms (FindLiveObjects: 0.131800 ms CreateObjectMapping: 0.032700 ms MarkObjects: 1.152800 ms  DeleteObjects: 0.036900 ms)

========================================================================
Received Prepare
Registering precompiled user dll's ...
Registered in 0.006720 seconds.
Begin MonoManager ReloadAssembly
Native extension for WindowsStandalone target not found
Refreshing native plugins compatible for Editor in 0.21 ms, found 0 plugins.
Preloading 0 native plugins for Editor in 0.00 ms.
Invoked RoslynAnalysisRunner static constructor.
RoslynAnalysisRunner will not be running.
RoslynAnalysisRunner has terminated.
Mono: successfully reloaded assembly
- Completed reload, in  0.709 seconds
Platform modules already initialized, skipping
Refreshing native plugins compatible for Editor in 0.22 ms, found 0 plugins.
Preloading 0 native plugins for Editor in 0.00 ms.
Unloading 1120 Unused Serialized files (Serialized files now loaded: 0)
System memory in use before: 63.2 MB.
System memory in use after: 63.3 MB.

Unloading 8 unused Assets to reduce memory usage. Loaded Objects now: 1668.
Total: 1.554500 ms (FindLiveObjects: 0.155600 ms CreateObjectMapping: 0.038000 ms MarkObjects: 1.315100 ms  DeleteObjects: 0.044600 ms)

========================================================================
Received Prepare
Registering precompiled user dll's ...
Registered in 0.001274 seconds.
Begin MonoManager ReloadAssembly
Native extension for WindowsStandalone target not found
Refreshing native plugins compatible for Editor in 0.20 ms, found 0 plugins.
Preloading 0 native plugins for Editor in 0.00 ms.
Invoked RoslynAnalysisRunner static constructor.
RoslynAnalysisRunner will not be running.
RoslynAnalysisRunner has terminated.
Mono: successfully reloaded assembly
- Completed reload, in  0.667 seconds
Platform modules already initialized, skipping
Refreshing native plugins compatible for Editor in 0.20 ms, found 0 plugins.
Preloading 0 native plugins for Editor in 0.00 ms.
Unloading 1120 Unused Serialized files (Serialized files now loaded: 0)
System memory in use before: 63.2 MB.
System memory in use after: 63.3 MB.

Unloading 8 unused Assets to reduce memory usage. Loaded Objects now: 1671.
Total: 1.386500 ms (FindLiveObjects: 0.129300 ms CreateObjectMapping: 0.033000 ms MarkObjects: 1.186000 ms  DeleteObjects: 0.037400 ms)

========================================================================
Received Prepare
Registering precompiled user dll's ...
Registered in 0.002253 seconds.
Begin MonoManager ReloadAssembly
Native extension for WindowsStandalone target not found
Refreshing native plugins compatible for Editor in 0.21 ms, found 0 plugins.
Preloading 0 native plugins for Editor in 0.00 ms.
Invoked RoslynAnalysisRunner static constructor.
RoslynAnalysisRunner will not be running.
RoslynAnalysisRunner has terminated.
Mono: successfully reloaded assembly
- Completed reload, in  0.705 seconds
Platform modules already initialized, skipping
Refreshing native plugins compatible for Editor in 0.23 ms, found 0 plugins.
Preloading 0 native plugins for Editor in 0.00 ms.
Unloading 1120 Unused Serialized files (Serialized files now loaded: 0)
System memory in use before: 63.2 MB.
System memory in use after: 63.3 MB.

Unloading 8 unused Assets to reduce memory usage. Loaded Objects now: 1674.
Total: 1.575900 ms (FindLiveObjects: 0.178900 ms CreateObjectMapping: 0.044300 ms MarkObjects: 1.307700 ms  DeleteObjects: 0.044000 ms)

========================================================================
Received Prepare
Registering precompiled user dll's ...
Registered in 0.001268 seconds.
Begin MonoManager ReloadAssembly
Native extension for WindowsStandalone target not found
Refreshing native plugins compatible for Editor in 0.34 ms, found 0 plugins.
Preloading 0 native plugins for Editor in 0.00 ms.
Invoked RoslynAnalysisRunner static constructor.
RoslynAnalysisRunner will not be running.
RoslynAnalysisRunner has terminated.
Mono: successfully reloaded assembly
- Completed reload, in  0.765 seconds
Platform modules already initialized, skipping
Refreshing native plugins compatible for Editor in 0.23 ms, found 0 plugins.
Preloading 0 native plugins for Editor in 0.00 ms.
Unloading 1120 Unused Serialized files (Serialized files now loaded: 0)
System memory in use before: 63.2 MB.
System memory in use after: 63.3 MB.

Unloading 8 unused Assets to reduce memory usage. Loaded Objects now: 1677.
Total: 1.500500 ms (FindLiveObjects: 0.172800 ms CreateObjectMapping: 0.041700 ms MarkObjects: 1.245700 ms  DeleteObjects: 0.039300 ms)

========================================================================
Received Prepare
Registering precompiled user dll's ...
Registered in 0.001599 seconds.
Begin MonoManager ReloadAssembly
Native extension for WindowsStandalone target not found
Refreshing native plugins compatible for Editor in 0.21 ms, found 0 plugins.
Preloading 0 native plugins for Editor in 0.00 ms.
Invoked RoslynAnalysisRunner static constructor.
RoslynAnalysisRunner will not be running.
RoslynAnalysisRunner has terminated.
Mono: successfully reloaded assembly
- Completed reload, in  0.710 seconds
Platform modules already initialized, skipping
Refreshing native plugins compatible for Editor in 0.24 ms, found 0 plugins.
Preloading 0 native plugins for Editor in 0.00 ms.
Unloading 1120 Unused Serialized files (Serialized files now loaded: 0)
System memory in use before: 63.3 MB.
System memory in use after: 63.3 MB.

Unloading 8 unused Assets to reduce memory usage. Loaded Objects now: 1680.
Total: 1.877800 ms (FindLiveObjects: 0.201800 ms CreateObjectMapping: 0.048900 ms MarkObjects: 1.575100 ms  DeleteObjects: 0.050600 ms)

========================================================================
Received Prepare
Registering precompiled user dll's ...
Registered in 0.001250 seconds.
Begin MonoManager ReloadAssembly
Native extension for WindowsStandalone target not found
Refreshing native plugins compatible for Editor in 0.21 ms, found 0 plugins.
Preloading 0 native plugins for Editor in 0.00 ms.
Invoked RoslynAnalysisRunner static constructor.
RoslynAnalysisRunner will not be running.
RoslynAnalysisRunner has terminated.
Mono: successfully reloaded assembly
- Completed reload, in  0.665 seconds
Platform modules already initialized, skipping
Refreshing native plugins compatible for Editor in 0.22 ms, found 0 plugins.
Preloading 0 native plugins for Editor in 0.00 ms.
Unloading 1120 Unused Serialized files (Serialized files now loaded: 0)
System memory in use before: 63.3 MB.
System memory in use after: 63.3 MB.

Unloading 8 unused Assets to reduce memory usage. Loaded Objects now: 1683.
Total: 1.773300 ms (FindLiveObjects: 0.207900 ms CreateObjectMapping: 0.043400 ms MarkObjects: 1.458300 ms  DeleteObjects: 0.062500 ms)

========================================================================
Received Prepare
Registering precompiled user dll's ...
Registered in 0.001292 seconds.
Begin MonoManager ReloadAssembly
Native extension for WindowsStandalone target not found
Refreshing native plugins compatible for Editor in 0.21 ms, found 0 plugins.
Preloading 0 native plugins for Editor in 0.00 ms.
Invoked RoslynAnalysisRunner static constructor.
RoslynAnalysisRunner will not be running.
RoslynAnalysisRunner has terminated.
Mono: successfully reloaded assembly
- Completed reload, in  0.757 seconds
Platform modules already initialized, skipping
Refreshing native plugins compatible for Editor in 0.20 ms, found 0 plugins.
Preloading 0 native plugins for Editor in 0.00 ms.
Unloading 1120 Unused Serialized files (Serialized files now loaded: 0)
System memory in use before: 63.3 MB.
System memory in use after: 63.3 MB.

Unloading 8 unused Assets to reduce memory usage. Loaded Objects now: 1686.
Total: 1.592100 ms (FindLiveObjects: 0.223300 ms CreateObjectMapping: 0.057000 ms MarkObjects: 1.229600 ms  DeleteObjects: 0.081200 ms)

========================================================================
Received Prepare
Registering precompiled user dll's ...
Registered in 0.002372 seconds.
Begin MonoManager ReloadAssembly
Native extension for WindowsStandalone target not found
Refreshing native plugins compatible for Editor in 0.22 ms, found 0 plugins.
Preloading 0 native plugins for Editor in 0.00 ms.
Invoked RoslynAnalysisRunner static constructor.
RoslynAnalysisRunner will not be running.
RoslynAnalysisRunner has terminated.
Mono: successfully reloaded assembly
- Completed reload, in  0.712 seconds
Platform modules already initialized, skipping
Refreshing native plugins compatible for Editor in 0.22 ms, found 0 plugins.
Preloading 0 native plugins for Editor in 0.00 ms.
Unloading 1120 Unused Serialized files (Serialized files now loaded: 0)
System memory in use before: 63.3 MB.
System memory in use after: 63.3 MB.

Unloading 8 unused Assets to reduce memory usage. Loaded Objects now: 1689.
Total: 1.455900 ms (FindLiveObjects: 0.140600 ms CreateObjectMapping: 0.033400 ms MarkObjects: 1.240000 ms  DeleteObjects: 0.041000 ms)

========================================================================
Received Prepare
Registering precompiled user dll's ...
Registered in 0.001351 seconds.
Begin MonoManager ReloadAssembly
Native extension for WindowsStandalone target not found
Refreshing native plugins compatible for Editor in 0.26 ms, found 0 plugins.
Preloading 0 native plugins for Editor in 0.00 ms.
Invoked RoslynAnalysisRunner static constructor.
RoslynAnalysisRunner will not be running.
RoslynAnalysisRunner has terminated.
Mono: successfully reloaded assembly
- Completed reload, in  0.738 seconds
Platform modules already initialized, skipping
Refreshing native plugins compatible for Editor in 0.20 ms, found 0 plugins.
Preloading 0 native plugins for Editor in 0.00 ms.
Unloading 1120 Unused Serialized files (Serialized files now loaded: 0)
System memory in use before: 63.3 MB.
System memory in use after: 63.3 MB.

Unloading 8 unused Assets to reduce memory usage. Loaded Objects now: 1692.
Total: 1.603000 ms (FindLiveObjects: 0.142400 ms CreateObjectMapping: 0.033600 ms MarkObjects: 1.386500 ms  DeleteObjects: 0.039700 ms)

========================================================================
Received Prepare
Registering precompiled user dll's ...
Registered in 0.001904 seconds.
Begin MonoManager ReloadAssembly
Native extension for WindowsStandalone target not found
Refreshing native plugins compatible for Editor in 0.25 ms, found 0 plugins.
Preloading 0 native plugins for Editor in 0.00 ms.
Invoked RoslynAnalysisRunner static constructor.
RoslynAnalysisRunner will not be running.
RoslynAnalysisRunner has terminated.
Mono: successfully reloaded assembly
- Completed reload, in  0.687 seconds
Platform modules already initialized, skipping
Refreshing native plugins compatible for Editor in 0.23 ms, found 0 plugins.
Preloading 0 native plugins for Editor in 0.00 ms.
Unloading 1120 Unused Serialized files (Serialized files now loaded: 0)
System memory in use before: 63.3 MB.
System memory in use after: 63.4 MB.

Unloading 8 unused Assets to reduce memory usage. Loaded Objects now: 1695.
Total: 2.069300 ms (FindLiveObjects: 0.183100 ms CreateObjectMapping: 0.035600 ms MarkObjects: 1.799600 ms  DeleteObjects: 0.049700 ms)

========================================================================
Received Prepare
Registering precompiled user dll's ...
Registered in 0.001889 seconds.
Begin MonoManager ReloadAssembly
Native extension for WindowsStandalone target not found
Refreshing native plugins compatible for Editor in 0.21 ms, found 0 plugins.
Preloading 0 native plugins for Editor in 0.00 ms.
Invoked RoslynAnalysisRunner static constructor.
RoslynAnalysisRunner will not be running.
RoslynAnalysisRunner has terminated.
Mono: successfully reloaded assembly
- Completed reload, in  0.695 seconds
Platform modules already initialized, skipping
Refreshing native plugins compatible for Editor in 0.21 ms, found 0 plugins.
Preloading 0 native plugins for Editor in 0.00 ms.
Unloading 1120 Unused Serialized files (Serialized files now loaded: 0)
System memory in use before: 63.3 MB.
System memory in use after: 63.4 MB.

Unloading 8 unused Assets to reduce memory usage. Loaded Objects now: 1698.
Total: 1.633800 ms (FindLiveObjects: 0.209500 ms CreateObjectMapping: 0.061000 ms MarkObjects: 1.323100 ms  DeleteObjects: 0.039400 ms)

AssetImportWorkerClient::OnTransportError - code=2 error=End of file
