Using pre-set license
Built from '2020.3/release' branch; Version is '2020.3.2f1 (8fd9074bf66c) revision 9427207'; Using compiler version '192528614'; Build Type 'Release'
OS: 'Windows 10 Pro; OS build 19042.928; Version 2009; 64bit' Language: 'ko' Physical Memory: 16315 MB
BatchMode: 1, IsHumanControllingUs: 0, StartBugReporterOnCrash: 0, Is64bit: 1, IsPro: 0

 COMMAND LINE ARGUMENTS:
C:\Program Files\Unity\Hub\Editor\2020.3.2f1\Editor\Unity.exe
-adb2
-batchMode
-noUpm
-name
AssetImportWorker0
-projectPath
C:/Users/DMC CONET/Desktop/Unity/UnityStudy/Json_untiy
-logFile
Logs/AssetImportWorker0.log
-srvPort
62307
Successfully changed project path to: C:/Users/DMC CONET/Desktop/Unity/UnityStudy/Json_untiy
C:/Users/DMC CONET/Desktop/Unity/UnityStudy/Json_untiy
Using Asset Import Pipeline V2.
Refreshing native plugins compatible for Editor in 19.48 ms, found 0 plugins.
Preloading 0 native plugins for Editor in 0.00 ms.
Initialize engine version: 2020.3.2f1 (8fd9074bf66c)
[Subsystems] Discovering subsystems at path C:/Program Files/Unity/Hub/Editor/2020.3.2f1/Editor/Data/Resources/UnitySubsystems
[Subsystems] Discovering subsystems at path C:/Users/DMC CONET/Desktop/Unity/UnityStudy/Json_untiy/Assets
GfxDevice: creating device client; threaded=0
Direct3D:
    Version:  Direct3D 11.0 [level 11.1]
    Renderer: NVIDIA GeForce GTX 1660 SUPER (ID=0x21c4)
    Vendor:   
    VRAM:     5991 MB
    Driver:   27.21.14.5751
Initialize mono
Mono path[0] = 'C:/Program Files/Unity/Hub/Editor/2020.3.2f1/Editor/Data/Managed'
Mono path[1] = 'C:/Program Files/Unity/Hub/Editor/2020.3.2f1/Editor/Data/MonoBleedingEdge/lib/mono/unityjit'
Mono config path = 'C:/Program Files/Unity/Hub/Editor/2020.3.2f1/Editor/Data/MonoBleedingEdge/etc'
Using monoOptions --debugger-agent=transport=dt_socket,embedding=1,server=y,suspend=n,address=127.0.0.1:56364
Begin MonoManager ReloadAssembly
Registering precompiled unity dll's ...
Register platform support module: C:/Program Files/Unity/Hub/Editor/2020.3.2f1/Editor/Data/PlaybackEngines/WindowsStandaloneSupport/UnityEditor.WindowsStandalone.Extensions.dll
Registered in 0.001358 seconds.
Native extension for WindowsStandalone target not found
Refreshing native plugins compatible for Editor in 19.36 ms, found 0 plugins.
Preloading 0 native plugins for Editor in 0.00 ms.
Invoked RoslynAnalysisRunner static constructor.
RoslynAnalysisRunner will not be running.
RoslynAnalysisRunner has terminated.
Mono: successfully reloaded assembly
- Completed reload, in  1.340 seconds
Platform modules already initialized, skipping
Registering precompiled user dll's ...
Registered in 0.000481 seconds.
Begin MonoManager ReloadAssembly
Native extension for WindowsStandalone target not found
Refreshing native plugins compatible for Editor in 0.18 ms, found 0 plugins.
Preloading 0 native plugins for Editor in 0.00 ms.
Invoked RoslynAnalysisRunner static constructor.
RoslynAnalysisRunner will not be running.
RoslynAnalysisRunner has terminated.
Mono: successfully reloaded assembly
- Completed reload, in  0.679 seconds
Platform modules already initialized, skipping
========================================================================
Worker process is ready to serve import requests
Launched and connected shader compiler UnityShaderCompiler.exe after 0.03 seconds
Refreshing native plugins compatible for Editor in 0.19 ms, found 0 plugins.
Preloading 0 native plugins for Editor in 0.00 ms.
Unloading 1115 Unused Serialized files (Serialized files now loaded: 0)
System memory in use before: 59.7 MB.
System memory in use after: 59.7 MB.

Unloading 10 unused Assets to reduce memory usage. Loaded Objects now: 1557.
Total: 1.621900 ms (FindLiveObjects: 0.140700 ms CreateObjectMapping: 0.030200 ms MarkObjects: 1.387500 ms  DeleteObjects: 0.062600 ms)

========================================================================
Received Import Request.
  path: Assets
  artifactKey: Guid(00000000000000001000000000000000) Importer(815301076,1909f56bfc062723c751e8b465ee728b)
Start importing Assets using Guid(00000000000000001000000000000000) Importer(815301076,1909f56bfc062723c751e8b465ee728b)  -> (artifact id: '819a33a9bd799f71faca6db75e8a216c') in 0.006797 seconds
  Import took 0.008406 seconds .

========================================================================
Received Import Request.
  Time since last request: 2.786865 seconds.
  path: Assets/LoadTest.cs
  artifactKey: Guid(a7627ad86bf19344aac702ec4709a9c5) Importer(815301076,1909f56bfc062723c751e8b465ee728b)
Start importing Assets/LoadTest.cs using Guid(a7627ad86bf19344aac702ec4709a9c5) Importer(815301076,1909f56bfc062723c751e8b465ee728b)  -> (artifact id: '921ec0bc50d8ea3d75c5470107a32ec8') in 0.020117 seconds
  Import took 0.021739 seconds .

========================================================================
Received Prepare
Registering precompiled user dll's ...
Registered in 0.000392 seconds.
Begin MonoManager ReloadAssembly
Native extension for WindowsStandalone target not found
Refreshing native plugins compatible for Editor in 0.19 ms, found 0 plugins.
Preloading 0 native plugins for Editor in 0.00 ms.
Invoked RoslynAnalysisRunner static constructor.
RoslynAnalysisRunner will not be running.
RoslynAnalysisRunner has terminated.
Mono: successfully reloaded assembly
- Completed reload, in  0.635 seconds
Platform modules already initialized, skipping
Refreshing native plugins compatible for Editor in 0.20 ms, found 0 plugins.
Preloading 0 native plugins for Editor in 0.00 ms.
Unloading 1111 Unused Serialized files (Serialized files now loaded: 0)
System memory in use before: 59.7 MB.
System memory in use after: 59.7 MB.

Unloading 5 unused Assets to reduce memory usage. Loaded Objects now: 1561.
Total: 1.709600 ms (FindLiveObjects: 0.214100 ms CreateObjectMapping: 0.054700 ms MarkObjects: 1.393100 ms  DeleteObjects: 0.046400 ms)

========================================================================
Received Import Request.
  Time since last request: 45.535865 seconds.
  path: Assets/LoadTest.cs
  artifactKey: Guid(a7627ad86bf19344aac702ec4709a9c5) Importer(815301076,1909f56bfc062723c751e8b465ee728b)
Start importing Assets/LoadTest.cs using Guid(a7627ad86bf19344aac702ec4709a9c5) Importer(815301076,1909f56bfc062723c751e8b465ee728b)  -> (artifact id: '167fdfda9c34a3b435d576250eaae844') in 0.004107 seconds
  Import took 0.006057 seconds .

========================================================================
Received Import Request.
  Time since last request: 0.000688 seconds.
  path: Assets/LoadTest.cs
  artifactKey: Guid(a7627ad86bf19344aac702ec4709a9c5) Importer(815301076,1909f56bfc062723c751e8b465ee728b)
Start importing Assets/LoadTest.cs using Guid(a7627ad86bf19344aac702ec4709a9c5) Importer(815301076,1909f56bfc062723c751e8b465ee728b)  -> (artifact id: '167fdfda9c34a3b435d576250eaae844') in 0.001783 seconds
  Import took 0.003418 seconds .

========================================================================
Received Import Request.
  Time since last request: 380.911780 seconds.
  path: Assets/LoadTest.cs
  artifactKey: Guid(a7627ad86bf19344aac702ec4709a9c5) Importer(815301076,1909f56bfc062723c751e8b465ee728b)
Start importing Assets/LoadTest.cs using Guid(a7627ad86bf19344aac702ec4709a9c5) Importer(815301076,1909f56bfc062723c751e8b465ee728b)  -> (artifact id: '2c1411e1abc5003a0915b41f4e183fdb') in 0.005591 seconds
  Import took 0.007771 seconds .

========================================================================
Received Import Request.
  Time since last request: 0.002867 seconds.
  path: Assets/LoadTest.cs
  artifactKey: Guid(a7627ad86bf19344aac702ec4709a9c5) Importer(815301076,1909f56bfc062723c751e8b465ee728b)
Start importing Assets/LoadTest.cs using Guid(a7627ad86bf19344aac702ec4709a9c5) Importer(815301076,1909f56bfc062723c751e8b465ee728b)  -> (artifact id: '2c1411e1abc5003a0915b41f4e183fdb') in 0.001822 seconds
  Import took 0.003490 seconds .

========================================================================
Received Import Request.
  Time since last request: 4.705229 seconds.
  path: Assets/SaveFormatTest.cs
  artifactKey: Guid(35589ddc79dd8af47b6ed347f95269e7) Importer(815301076,1909f56bfc062723c751e8b465ee728b)
Start importing Assets/SaveFormatTest.cs using Guid(35589ddc79dd8af47b6ed347f95269e7) Importer(815301076,1909f56bfc062723c751e8b465ee728b)  -> (artifact id: '26efe63786d787327cc14874e08abba5') in 0.005794 seconds
  Import took 0.007543 seconds .

========================================================================
Received Prepare
Registering precompiled user dll's ...
Registered in 0.001587 seconds.
Begin MonoManager ReloadAssembly
Native extension for WindowsStandalone target not found
Refreshing native plugins compatible for Editor in 0.20 ms, found 0 plugins.
Preloading 0 native plugins for Editor in 0.00 ms.
Invoked RoslynAnalysisRunner static constructor.
RoslynAnalysisRunner will not be running.
RoslynAnalysisRunner has terminated.
Mono: successfully reloaded assembly
- Completed reload, in  0.712 seconds
Platform modules already initialized, skipping
Refreshing native plugins compatible for Editor in 0.19 ms, found 0 plugins.
Preloading 0 native plugins for Editor in 0.00 ms.
Unloading 1115 Unused Serialized files (Serialized files now loaded: 0)
System memory in use before: 59.8 MB.
System memory in use after: 59.9 MB.

Unloading 8 unused Assets to reduce memory usage. Loaded Objects now: 1565.
Total: 1.412100 ms (FindLiveObjects: 0.122300 ms CreateObjectMapping: 0.031400 ms MarkObjects: 1.216600 ms  DeleteObjects: 0.041100 ms)

========================================================================
Received Import Request.
  Time since last request: 199.478046 seconds.
  path: Assets/SaveFormatTest.cs
  artifactKey: Guid(35589ddc79dd8af47b6ed347f95269e7) Importer(815301076,1909f56bfc062723c751e8b465ee728b)
Start importing Assets/SaveFormatTest.cs using Guid(35589ddc79dd8af47b6ed347f95269e7) Importer(815301076,1909f56bfc062723c751e8b465ee728b)  -> (artifact id: '9ab59f076d924759ff793b92a585d11d') in 0.003283 seconds
  Import took 0.004784 seconds .

========================================================================
Received Import Request.
  Time since last request: 13.002967 seconds.
  path: Assets/SaveTest.cs
  artifactKey: Guid(5b352f3a5ab6d36479155a68be1a0c0d) Importer(815301076,1909f56bfc062723c751e8b465ee728b)
Start importing Assets/SaveTest.cs using Guid(5b352f3a5ab6d36479155a68be1a0c0d) Importer(815301076,1909f56bfc062723c751e8b465ee728b)  -> (artifact id: '6a9e16849c12a4e422f5a03e8324c05b') in 0.006276 seconds
  Import took 0.008296 seconds .

========================================================================
Received Prepare
Registering precompiled user dll's ...
Registered in 0.001259 seconds.
Begin MonoManager ReloadAssembly
Native extension for WindowsStandalone target not found
Refreshing native plugins compatible for Editor in 0.20 ms, found 0 plugins.
Preloading 0 native plugins for Editor in 0.00 ms.
Invoked RoslynAnalysisRunner static constructor.
RoslynAnalysisRunner will not be running.
RoslynAnalysisRunner has terminated.
Mono: successfully reloaded assembly
- Completed reload, in  0.775 seconds
Platform modules already initialized, skipping
Refreshing native plugins compatible for Editor in 0.20 ms, found 0 plugins.
Preloading 0 native plugins for Editor in 0.00 ms.
Unloading 1116 Unused Serialized files (Serialized files now loaded: 0)
System memory in use before: 59.9 MB.
System memory in use after: 60.0 MB.

Unloading 8 unused Assets to reduce memory usage. Loaded Objects now: 1569.
Total: 1.383400 ms (FindLiveObjects: 0.125800 ms CreateObjectMapping: 0.033900 ms MarkObjects: 1.182200 ms  DeleteObjects: 0.040400 ms)

========================================================================
Received Prepare
Registering precompiled user dll's ...
Registered in 0.001311 seconds.
Begin MonoManager ReloadAssembly
Native extension for WindowsStandalone target not found
Refreshing native plugins compatible for Editor in 0.22 ms, found 0 plugins.
Preloading 0 native plugins for Editor in 0.00 ms.
Invoked RoslynAnalysisRunner static constructor.
RoslynAnalysisRunner will not be running.
RoslynAnalysisRunner has terminated.
Mono: successfully reloaded assembly
- Completed reload, in  0.728 seconds
Platform modules already initialized, skipping
Refreshing native plugins compatible for Editor in 0.20 ms, found 0 plugins.
Preloading 0 native plugins for Editor in 0.00 ms.
Unloading 1116 Unused Serialized files (Serialized files now loaded: 0)
System memory in use before: 59.9 MB.
System memory in use after: 60.0 MB.

Unloading 8 unused Assets to reduce memory usage. Loaded Objects now: 1572.
Total: 1.564000 ms (FindLiveObjects: 0.129900 ms CreateObjectMapping: 0.028900 ms MarkObjects: 1.362300 ms  DeleteObjects: 0.042300 ms)

========================================================================
Received Import Request.
  Time since last request: 274.719507 seconds.
  path: Assets/SaveTest.cs
  artifactKey: Guid(5b352f3a5ab6d36479155a68be1a0c0d) Importer(815301076,1909f56bfc062723c751e8b465ee728b)
Start importing Assets/SaveTest.cs using Guid(5b352f3a5ab6d36479155a68be1a0c0d) Importer(815301076,1909f56bfc062723c751e8b465ee728b)  -> (artifact id: 'accb2c220ae2885522376ff91dd8f225') in 0.003329 seconds
  Import took 0.004859 seconds .

========================================================================
Received Import Request.
  Time since last request: 66.928408 seconds.
  path: Assets/SaveImageFormatTest.cs
  artifactKey: Guid(119797e819568d34ea0a549fc200d8d7) Importer(815301076,1909f56bfc062723c751e8b465ee728b)
Start importing Assets/SaveImageFormatTest.cs using Guid(119797e819568d34ea0a549fc200d8d7) Importer(815301076,1909f56bfc062723c751e8b465ee728b)  -> (artifact id: '5d35eb17d6e542fb69c516febaf28461') in 0.006013 seconds
  Import took 0.007780 seconds .

========================================================================
Received Prepare
Registering precompiled user dll's ...
Registered in 0.001242 seconds.
Begin MonoManager ReloadAssembly
Native extension for WindowsStandalone target not found
Refreshing native plugins compatible for Editor in 0.21 ms, found 0 plugins.
Preloading 0 native plugins for Editor in 0.00 ms.
Invoked RoslynAnalysisRunner static constructor.
RoslynAnalysisRunner will not be running.
RoslynAnalysisRunner has terminated.
Mono: successfully reloaded assembly
- Completed reload, in  0.764 seconds
Platform modules already initialized, skipping
Refreshing native plugins compatible for Editor in 0.20 ms, found 0 plugins.
Preloading 0 native plugins for Editor in 0.00 ms.
Unloading 1117 Unused Serialized files (Serialized files now loaded: 0)
System memory in use before: 59.9 MB.
System memory in use after: 60.0 MB.

Unloading 8 unused Assets to reduce memory usage. Loaded Objects now: 1576.
Total: 1.653400 ms (FindLiveObjects: 0.183900 ms CreateObjectMapping: 0.053600 ms MarkObjects: 1.369300 ms  DeleteObjects: 0.045600 ms)

========================================================================
Received Import Request.
  Time since last request: 37.262768 seconds.
  path: Assets/SaveImageTest.cs
  artifactKey: Guid(86cf77063a22a4b418d306384603d7fb) Importer(815301076,1909f56bfc062723c751e8b465ee728b)
Start importing Assets/SaveImageTest.cs using Guid(86cf77063a22a4b418d306384603d7fb) Importer(815301076,1909f56bfc062723c751e8b465ee728b)  -> (artifact id: 'b82250be66a79b811548f5a6ece2753b') in 0.007517 seconds
  Import took 0.009360 seconds .

========================================================================
Received Prepare
Registering precompiled user dll's ...
Registered in 0.001267 seconds.
Begin MonoManager ReloadAssembly
Native extension for WindowsStandalone target not found
Refreshing native plugins compatible for Editor in 0.25 ms, found 0 plugins.
Preloading 0 native plugins for Editor in 0.00 ms.
Invoked RoslynAnalysisRunner static constructor.
RoslynAnalysisRunner will not be running.
RoslynAnalysisRunner has terminated.
Mono: successfully reloaded assembly
- Completed reload, in  0.783 seconds
Platform modules already initialized, skipping
Refreshing native plugins compatible for Editor in 0.20 ms, found 0 plugins.
Preloading 0 native plugins for Editor in 0.00 ms.
Unloading 1118 Unused Serialized files (Serialized files now loaded: 0)
System memory in use before: 59.9 MB.
System memory in use after: 60.0 MB.

Unloading 8 unused Assets to reduce memory usage. Loaded Objects now: 1580.
Total: 1.417300 ms (FindLiveObjects: 0.119400 ms CreateObjectMapping: 0.042800 ms MarkObjects: 1.211600 ms  DeleteObjects: 0.042600 ms)

========================================================================
Received Prepare
Registering precompiled user dll's ...
Registered in 0.001293 seconds.
Begin MonoManager ReloadAssembly
Native extension for WindowsStandalone target not found
Refreshing native plugins compatible for Editor in 0.21 ms, found 0 plugins.
Preloading 0 native plugins for Editor in 0.00 ms.
Invoked RoslynAnalysisRunner static constructor.
RoslynAnalysisRunner will not be running.
RoslynAnalysisRunner has terminated.
Mono: successfully reloaded assembly
- Completed reload, in  0.714 seconds
Platform modules already initialized, skipping
Refreshing native plugins compatible for Editor in 0.21 ms, found 0 plugins.
Preloading 0 native plugins for Editor in 0.00 ms.
Unloading 1118 Unused Serialized files (Serialized files now loaded: 0)
System memory in use before: 59.9 MB.
System memory in use after: 60.0 MB.

Unloading 8 unused Assets to reduce memory usage. Loaded Objects now: 1583.
Total: 1.577300 ms (FindLiveObjects: 0.152800 ms CreateObjectMapping: 0.034000 ms MarkObjects: 1.345300 ms  DeleteObjects: 0.044000 ms)

========================================================================
Received Import Request.
  Time since last request: 447.036133 seconds.
  path: Assets/SaveImageTest.cs
  artifactKey: Guid(86cf77063a22a4b418d306384603d7fb) Importer(815301076,1909f56bfc062723c751e8b465ee728b)
Start importing Assets/SaveImageTest.cs using Guid(86cf77063a22a4b418d306384603d7fb) Importer(815301076,1909f56bfc062723c751e8b465ee728b)  -> (artifact id: 'ae1ec69f3a03ca0ce80a65d598307597') in 0.003672 seconds
  Import took 0.005324 seconds .

========================================================================
Received Import Request.
  Time since last request: 418.819101 seconds.
  path: Assets/SaveImageFormatTest.cs
  artifactKey: Guid(119797e819568d34ea0a549fc200d8d7) Importer(815301076,1909f56bfc062723c751e8b465ee728b)
Start importing Assets/SaveImageFormatTest.cs using Guid(119797e819568d34ea0a549fc200d8d7) Importer(815301076,1909f56bfc062723c751e8b465ee728b)  -> (artifact id: '2ecfe5ec1e38af978aa53d62cf3ec59f') in 0.002254 seconds
  Import took 0.003922 seconds .

========================================================================
Received Import Request.
  Time since last request: 0.001520 seconds.
  path: Assets/SaveImageFormatTest.cs
  artifactKey: Guid(119797e819568d34ea0a549fc200d8d7) Importer(815301076,1909f56bfc062723c751e8b465ee728b)
Start importing Assets/SaveImageFormatTest.cs using Guid(119797e819568d34ea0a549fc200d8d7) Importer(815301076,1909f56bfc062723c751e8b465ee728b)  -> (artifact id: '2ecfe5ec1e38af978aa53d62cf3ec59f') in 0.002672 seconds
  Import took 0.005077 seconds .

========================================================================
Received Import Request.
  Time since last request: 18.328620 seconds.
  path: Assets/Item03_Heart.png
  artifactKey: Guid(2cf94c0a5f6cc1d4ba26475788c30090) Importer(815301076,1909f56bfc062723c751e8b465ee728b)
Start importing Assets/Item03_Heart.png using Guid(2cf94c0a5f6cc1d4ba26475788c30090) Importer(815301076,1909f56bfc062723c751e8b465ee728b)  -> (artifact id: '84faf8eb64aeb26841d0d05923d87abe') in 0.057823 seconds
  Import took 0.059762 seconds .

========================================================================
Received Import Request.
  Time since last request: 5.153503 seconds.
  path: Assets/Item03_Heart.png
  artifactKey: Guid(2cf94c0a5f6cc1d4ba26475788c30090) Importer(815301076,1909f56bfc062723c751e8b465ee728b)
Start importing Assets/Item03_Heart.png using Guid(2cf94c0a5f6cc1d4ba26475788c30090) Importer(815301076,1909f56bfc062723c751e8b465ee728b)  -> (artifact id: 'e61f22891316af661baa4c2ed1acbdfe') in 0.057612 seconds
  Import took 0.060535 seconds .

========================================================================
Received Import Request.
  Time since last request: 33.781819 seconds.
  path: Assets/Item03_Heart.png
  artifactKey: Guid(2cf94c0a5f6cc1d4ba26475788c30090) Importer(815301076,1909f56bfc062723c751e8b465ee728b)
Start importing Assets/Item03_Heart.png using Guid(2cf94c0a5f6cc1d4ba26475788c30090) Importer(815301076,1909f56bfc062723c751e8b465ee728b)  -> (artifact id: '508f0035fb400583b77e2be5d6766a39') in 0.060725 seconds
  Import took 0.062867 seconds .

========================================================================
Received Import Request.
  Time since last request: 10.454105 seconds.
  path: Assets/LoadTest.cs
  artifactKey: Guid(a7627ad86bf19344aac702ec4709a9c5) Importer(815301076,1909f56bfc062723c751e8b465ee728b)
Start importing Assets/LoadTest.cs using Guid(a7627ad86bf19344aac702ec4709a9c5) Importer(815301076,1909f56bfc062723c751e8b465ee728b)  -> (artifact id: '9c1451e11a743cac7cedd83e11786fb9') in 0.001948 seconds
  Import took 0.003657 seconds .

========================================================================
Received Import Request.
  Time since last request: 0.000393 seconds.
  path: Assets/LoadTest.cs
  artifactKey: Guid(a7627ad86bf19344aac702ec4709a9c5) Importer(815301076,1909f56bfc062723c751e8b465ee728b)
Start importing Assets/LoadTest.cs using Guid(a7627ad86bf19344aac702ec4709a9c5) Importer(815301076,1909f56bfc062723c751e8b465ee728b)  -> (artifact id: '9c1451e11a743cac7cedd83e11786fb9') in 0.002134 seconds
  Import took 0.003909 seconds .

========================================================================
Received Prepare
Registering precompiled user dll's ...
Registered in 0.001664 seconds.
Begin MonoManager ReloadAssembly
Native extension for WindowsStandalone target not found
Refreshing native plugins compatible for Editor in 0.20 ms, found 0 plugins.
Preloading 0 native plugins for Editor in 0.00 ms.
Invoked RoslynAnalysisRunner static constructor.
RoslynAnalysisRunner will not be running.
RoslynAnalysisRunner has terminated.
Mono: successfully reloaded assembly
- Completed reload, in  0.657 seconds
Platform modules already initialized, skipping
Refreshing native plugins compatible for Editor in 0.18 ms, found 0 plugins.
Preloading 0 native plugins for Editor in 0.00 ms.
Unloading 1118 Unused Serialized files (Serialized files now loaded: 0)
System memory in use before: 63.0 MB.
System memory in use after: 63.1 MB.

Unloading 8 unused Assets to reduce memory usage. Loaded Objects now: 1593.
Total: 1.370800 ms (FindLiveObjects: 0.120900 ms CreateObjectMapping: 0.031000 ms MarkObjects: 1.177900 ms  DeleteObjects: 0.040100 ms)

========================================================================
Received Prepare
Registering precompiled user dll's ...
Registered in 0.001471 seconds.
Begin MonoManager ReloadAssembly
Native extension for WindowsStandalone target not found
Refreshing native plugins compatible for Editor in 0.20 ms, found 0 plugins.
Preloading 0 native plugins for Editor in 0.00 ms.
Invoked RoslynAnalysisRunner static constructor.
RoslynAnalysisRunner will not be running.
RoslynAnalysisRunner has terminated.
Mono: successfully reloaded assembly
- Completed reload, in  0.650 seconds
Platform modules already initialized, skipping
Refreshing native plugins compatible for Editor in 0.21 ms, found 0 plugins.
Preloading 0 native plugins for Editor in 0.00 ms.
Unloading 1118 Unused Serialized files (Serialized files now loaded: 0)
System memory in use before: 63.0 MB.
System memory in use after: 63.1 MB.

Unloading 8 unused Assets to reduce memory usage. Loaded Objects now: 1596.
Total: 1.813300 ms (FindLiveObjects: 0.152500 ms CreateObjectMapping: 0.051500 ms MarkObjects: 1.534200 ms  DeleteObjects: 0.074300 ms)

========================================================================
Received Import Request.
  Time since last request: 470.724135 seconds.
  path: Assets/Image.prefab
  artifactKey: Guid(f0ca6df8e78885f4d86cba68e1358ca1) Importer(815301076,1909f56bfc062723c751e8b465ee728b)
Start importing Assets/Image.prefab using Guid(f0ca6df8e78885f4d86cba68e1358ca1) Importer(815301076,1909f56bfc062723c751e8b465ee728b)  -> (artifact id: 'dc0d54b7a9f83479ab57cd3d575688bd') in 0.048632 seconds
  Import took 0.051083 seconds .

========================================================================
Received Prepare
Registering precompiled user dll's ...
Registered in 0.008149 seconds.
Begin MonoManager ReloadAssembly
Native extension for WindowsStandalone target not found
Refreshing native plugins compatible for Editor in 0.23 ms, found 0 plugins.
Preloading 0 native plugins for Editor in 0.00 ms.
Invoked RoslynAnalysisRunner static constructor.
RoslynAnalysisRunner will not be running.
RoslynAnalysisRunner has terminated.
Mono: successfully reloaded assembly
- Completed reload, in  0.700 seconds
Platform modules already initialized, skipping
Refreshing native plugins compatible for Editor in 0.33 ms, found 0 plugins.
Preloading 0 native plugins for Editor in 0.00 ms.
Unloading 1118 Unused Serialized files (Serialized files now loaded: 0)
System memory in use before: 63.1 MB.
System memory in use after: 63.1 MB.

Unloading 8 unused Assets to reduce memory usage. Loaded Objects now: 1599.
Total: 1.489200 ms (FindLiveObjects: 0.141300 ms CreateObjectMapping: 0.037000 ms MarkObjects: 1.262500 ms  DeleteObjects: 0.046900 ms)

========================================================================
Received Prepare
Registering precompiled user dll's ...
Registered in 0.001277 seconds.
Begin MonoManager ReloadAssembly
Native extension for WindowsStandalone target not found
Refreshing native plugins compatible for Editor in 0.21 ms, found 0 plugins.
Preloading 0 native plugins for Editor in 0.00 ms.
Invoked RoslynAnalysisRunner static constructor.
RoslynAnalysisRunner will not be running.
RoslynAnalysisRunner has terminated.
Mono: successfully reloaded assembly
- Completed reload, in  0.721 seconds
Platform modules already initialized, skipping
Refreshing native plugins compatible for Editor in 0.19 ms, found 0 plugins.
Preloading 0 native plugins for Editor in 0.00 ms.
Unloading 1118 Unused Serialized files (Serialized files now loaded: 0)
System memory in use before: 63.1 MB.
System memory in use after: 63.1 MB.

Unloading 8 unused Assets to reduce memory usage. Loaded Objects now: 1602.
Total: 1.576700 ms (FindLiveObjects: 0.181300 ms CreateObjectMapping: 0.055600 ms MarkObjects: 1.299700 ms  DeleteObjects: 0.039100 ms)

========================================================================
Received Prepare
Registering precompiled user dll's ...
Registered in 0.001990 seconds.
Begin MonoManager ReloadAssembly
Native extension for WindowsStandalone target not found
Refreshing native plugins compatible for Editor in 0.21 ms, found 0 plugins.
Preloading 0 native plugins for Editor in 0.00 ms.
Invoked RoslynAnalysisRunner static constructor.
RoslynAnalysisRunner will not be running.
RoslynAnalysisRunner has terminated.
Mono: successfully reloaded assembly
- Completed reload, in  0.635 seconds
Platform modules already initialized, skipping
Refreshing native plugins compatible for Editor in 0.19 ms, found 0 plugins.
Preloading 0 native plugins for Editor in 0.00 ms.
Unloading 1118 Unused Serialized files (Serialized files now loaded: 0)
System memory in use before: 63.1 MB.
System memory in use after: 63.1 MB.

Unloading 8 unused Assets to reduce memory usage. Loaded Objects now: 1605.
Total: 1.394800 ms (FindLiveObjects: 0.135000 ms CreateObjectMapping: 0.030700 ms MarkObjects: 1.188500 ms  DeleteObjects: 0.039900 ms)

========================================================================
Received Prepare
Registering precompiled user dll's ...
Registered in 0.001455 seconds.
Begin MonoManager ReloadAssembly
Native extension for WindowsStandalone target not found
Refreshing native plugins compatible for Editor in 0.21 ms, found 0 plugins.
Preloading 0 native plugins for Editor in 0.00 ms.
Invoked RoslynAnalysisRunner static constructor.
RoslynAnalysisRunner will not be running.
RoslynAnalysisRunner has terminated.
Mono: successfully reloaded assembly
- Completed reload, in  0.721 seconds
Platform modules already initialized, skipping
Refreshing native plugins compatible for Editor in 0.20 ms, found 0 plugins.
Preloading 0 native plugins for Editor in 0.00 ms.
Unloading 1118 Unused Serialized files (Serialized files now loaded: 0)
System memory in use before: 63.1 MB.
System memory in use after: 63.1 MB.

Unloading 8 unused Assets to reduce memory usage. Loaded Objects now: 1608.
Total: 1.439700 ms (FindLiveObjects: 0.133800 ms CreateObjectMapping: 0.032900 ms MarkObjects: 1.228400 ms  DeleteObjects: 0.043700 ms)

========================================================================
Received Prepare
Registering precompiled user dll's ...
Registered in 0.001451 seconds.
Begin MonoManager ReloadAssembly
Native extension for WindowsStandalone target not found
Refreshing native plugins compatible for Editor in 0.21 ms, found 0 plugins.
Preloading 0 native plugins for Editor in 0.00 ms.
Invoked RoslynAnalysisRunner static constructor.
RoslynAnalysisRunner will not be running.
RoslynAnalysisRunner has terminated.
Mono: successfully reloaded assembly
- Completed reload, in  0.646 seconds
Platform modules already initialized, skipping
Refreshing native plugins compatible for Editor in 0.20 ms, found 0 plugins.
Preloading 0 native plugins for Editor in 0.00 ms.
Unloading 1118 Unused Serialized files (Serialized files now loaded: 0)
System memory in use before: 63.1 MB.
System memory in use after: 63.1 MB.

Unloading 8 unused Assets to reduce memory usage. Loaded Objects now: 1611.
Total: 1.545500 ms (FindLiveObjects: 0.133800 ms CreateObjectMapping: 0.032400 ms MarkObjects: 1.336900 ms  DeleteObjects: 0.041500 ms)

========================================================================
Received Prepare
Registering precompiled user dll's ...
Registered in 0.002727 seconds.
Begin MonoManager ReloadAssembly
Native extension for WindowsStandalone target not found
Refreshing native plugins compatible for Editor in 0.29 ms, found 0 plugins.
Preloading 0 native plugins for Editor in 0.00 ms.
Invoked RoslynAnalysisRunner static constructor.
RoslynAnalysisRunner will not be running.
RoslynAnalysisRunner has terminated.
Mono: successfully reloaded assembly
- Completed reload, in  0.698 seconds
Platform modules already initialized, skipping
Refreshing native plugins compatible for Editor in 0.21 ms, found 0 plugins.
Preloading 0 native plugins for Editor in 0.00 ms.
Unloading 1118 Unused Serialized files (Serialized files now loaded: 0)
System memory in use before: 63.1 MB.
System memory in use after: 63.2 MB.

Unloading 8 unused Assets to reduce memory usage. Loaded Objects now: 1614.
Total: 1.649400 ms (FindLiveObjects: 0.201000 ms CreateObjectMapping: 0.057700 ms MarkObjects: 1.340900 ms  DeleteObjects: 0.048600 ms)

========================================================================
Received Prepare
Registering precompiled user dll's ...
Registered in 0.001484 seconds.
Begin MonoManager ReloadAssembly
Native extension for WindowsStandalone target not found
Refreshing native plugins compatible for Editor in 0.20 ms, found 0 plugins.
Preloading 0 native plugins for Editor in 0.00 ms.
Invoked RoslynAnalysisRunner static constructor.
RoslynAnalysisRunner will not be running.
RoslynAnalysisRunner has terminated.
Mono: successfully reloaded assembly
- Completed reload, in  0.646 seconds
Platform modules already initialized, skipping
Refreshing native plugins compatible for Editor in 0.20 ms, found 0 plugins.
Preloading 0 native plugins for Editor in 0.00 ms.
Unloading 1118 Unused Serialized files (Serialized files now loaded: 0)
System memory in use before: 63.1 MB.
System memory in use after: 63.2 MB.

Unloading 8 unused Assets to reduce memory usage. Loaded Objects now: 1617.
Total: 1.435600 ms (FindLiveObjects: 0.130000 ms CreateObjectMapping: 0.030500 ms MarkObjects: 1.227200 ms  DeleteObjects: 0.047000 ms)

========================================================================
Received Prepare
Registering precompiled user dll's ...
Registered in 0.002097 seconds.
Begin MonoManager ReloadAssembly
Native extension for WindowsStandalone target not found
Refreshing native plugins compatible for Editor in 0.27 ms, found 0 plugins.
Preloading 0 native plugins for Editor in 0.00 ms.
Invoked RoslynAnalysisRunner static constructor.
RoslynAnalysisRunner will not be running.
RoslynAnalysisRunner has terminated.
Mono: successfully reloaded assembly
- Completed reload, in  0.711 seconds
Platform modules already initialized, skipping
Refreshing native plugins compatible for Editor in 0.20 ms, found 0 plugins.
Preloading 0 native plugins for Editor in 0.00 ms.
Unloading 1118 Unused Serialized files (Serialized files now loaded: 0)
System memory in use before: 63.1 MB.
System memory in use after: 63.2 MB.

Unloading 8 unused Assets to reduce memory usage. Loaded Objects now: 1620.
Total: 1.482800 ms (FindLiveObjects: 0.168500 ms CreateObjectMapping: 0.043600 ms MarkObjects: 1.222600 ms  DeleteObjects: 0.047100 ms)

========================================================================
Received Import Request.
  Time since last request: 3646.064238 seconds.
  path: Assets/LoadImage.cs
  artifactKey: Guid(2512186cc1c27534daf7bb19d10184ac) Importer(815301076,1909f56bfc062723c751e8b465ee728b)
Start importing Assets/LoadImage.cs using Guid(2512186cc1c27534daf7bb19d10184ac) Importer(815301076,1909f56bfc062723c751e8b465ee728b)  -> (artifact id: '4963fa7560a75ac94f261500be7ede59') in 0.008010 seconds
  Import took 0.009876 seconds .

========================================================================
Received Prepare
Registering precompiled user dll's ...
Registered in 0.001268 seconds.
Begin MonoManager ReloadAssembly
Native extension for WindowsStandalone target not found
Refreshing native plugins compatible for Editor in 0.22 ms, found 0 plugins.
Preloading 0 native plugins for Editor in 0.00 ms.
Invoked RoslynAnalysisRunner static constructor.
RoslynAnalysisRunner will not be running.
RoslynAnalysisRunner has terminated.
Mono: successfully reloaded assembly
- Completed reload, in  0.670 seconds
Platform modules already initialized, skipping
Refreshing native plugins compatible for Editor in 0.33 ms, found 0 plugins.
Preloading 0 native plugins for Editor in 0.00 ms.
Unloading 1119 Unused Serialized files (Serialized files now loaded: 0)
System memory in use before: 63.1 MB.
System memory in use after: 63.2 MB.

Unloading 8 unused Assets to reduce memory usage. Loaded Objects now: 1624.
Total: 1.768000 ms (FindLiveObjects: 0.232300 ms CreateObjectMapping: 0.060700 ms MarkObjects: 1.426400 ms  DeleteObjects: 0.047600 ms)

========================================================================
Received Prepare
Registering precompiled user dll's ...
Registered in 0.001359 seconds.
Begin MonoManager ReloadAssembly
Native extension for WindowsStandalone target not found
Refreshing native plugins compatible for Editor in 0.21 ms, found 0 plugins.
Preloading 0 native plugins for Editor in 0.00 ms.
Invoked RoslynAnalysisRunner static constructor.
RoslynAnalysisRunner will not be running.
RoslynAnalysisRunner has terminated.
Mono: successfully reloaded assembly
- Completed reload, in  0.715 seconds
Platform modules already initialized, skipping
Refreshing native plugins compatible for Editor in 0.22 ms, found 0 plugins.
Preloading 0 native plugins for Editor in 0.00 ms.
Unloading 1119 Unused Serialized files (Serialized files now loaded: 0)
System memory in use before: 63.1 MB.
System memory in use after: 63.2 MB.

Unloading 8 unused Assets to reduce memory usage. Loaded Objects now: 1627.
Total: 1.628300 ms (FindLiveObjects: 0.145200 ms CreateObjectMapping: 0.038200 ms MarkObjects: 1.397800 ms  DeleteObjects: 0.046400 ms)

========================================================================
Received Import Request.
  Time since last request: 267.322724 seconds.
  path: Assets/LoadImage.cs
  artifactKey: Guid(2512186cc1c27534daf7bb19d10184ac) Importer(815301076,1909f56bfc062723c751e8b465ee728b)
Start importing Assets/LoadImage.cs using Guid(2512186cc1c27534daf7bb19d10184ac) Importer(815301076,1909f56bfc062723c751e8b465ee728b)  -> (artifact id: 'd3ebc6f331a565f4fb08833fb509b9b5') in 0.003402 seconds
  Import took 0.005080 seconds .

========================================================================
Received Prepare
Registering precompiled user dll's ...
Registered in 0.001297 seconds.
Begin MonoManager ReloadAssembly
Native extension for WindowsStandalone target not found
Refreshing native plugins compatible for Editor in 0.21 ms, found 0 plugins.
Preloading 0 native plugins for Editor in 0.00 ms.
Invoked RoslynAnalysisRunner static constructor.
RoslynAnalysisRunner will not be running.
RoslynAnalysisRunner has terminated.
Mono: successfully reloaded assembly
- Completed reload, in  0.657 seconds
Platform modules already initialized, skipping
Refreshing native plugins compatible for Editor in 0.20 ms, found 0 plugins.
Preloading 0 native plugins for Editor in 0.00 ms.
Unloading 1119 Unused Serialized files (Serialized files now loaded: 0)
System memory in use before: 63.1 MB.
System memory in use after: 63.2 MB.

Unloading 8 unused Assets to reduce memory usage. Loaded Objects now: 1630.
Total: 1.554100 ms (FindLiveObjects: 0.147600 ms CreateObjectMapping: 0.033500 ms MarkObjects: 1.295400 ms  DeleteObjects: 0.076600 ms)

========================================================================
Received Prepare
Registering precompiled user dll's ...
Registered in 0.001329 seconds.
Begin MonoManager ReloadAssembly
Native extension for WindowsStandalone target not found
Refreshing native plugins compatible for Editor in 0.20 ms, found 0 plugins.
Preloading 0 native plugins for Editor in 0.00 ms.
Invoked RoslynAnalysisRunner static constructor.
RoslynAnalysisRunner will not be running.
RoslynAnalysisRunner has terminated.
Mono: successfully reloaded assembly
- Completed reload, in  0.631 seconds
Platform modules already initialized, skipping
Refreshing native plugins compatible for Editor in 0.20 ms, found 0 plugins.
Preloading 0 native plugins for Editor in 0.00 ms.
Unloading 1119 Unused Serialized files (Serialized files now loaded: 0)
System memory in use before: 63.1 MB.
System memory in use after: 63.2 MB.

Unloading 8 unused Assets to reduce memory usage. Loaded Objects now: 1633.
Total: 1.661200 ms (FindLiveObjects: 0.146200 ms CreateObjectMapping: 0.032700 ms MarkObjects: 1.436700 ms  DeleteObjects: 0.044700 ms)

========================================================================
Received Import Request.
  Time since last request: 86.636245 seconds.
  path: Assets/LoadImage.cs
  artifactKey: Guid(2512186cc1c27534daf7bb19d10184ac) Importer(815301076,1909f56bfc062723c751e8b465ee728b)
Start importing Assets/LoadImage.cs using Guid(2512186cc1c27534daf7bb19d10184ac) Importer(815301076,1909f56bfc062723c751e8b465ee728b)  -> (artifact id: '744d591ea9596c09d4d435eaff634e25') in 0.003628 seconds
  Import took 0.005428 seconds .

========================================================================
Received Import Request.
  Time since last request: 0.002918 seconds.
  path: Assets/LoadImage.cs
  artifactKey: Guid(2512186cc1c27534daf7bb19d10184ac) Importer(815301076,1909f56bfc062723c751e8b465ee728b)
Start importing Assets/LoadImage.cs using Guid(2512186cc1c27534daf7bb19d10184ac) Importer(815301076,1909f56bfc062723c751e8b465ee728b)  -> (artifact id: '744d591ea9596c09d4d435eaff634e25') in 0.002145 seconds
  Import took 0.004037 seconds .

========================================================================
Received Prepare
Registering precompiled user dll's ...
Registered in 0.001417 seconds.
Begin MonoManager ReloadAssembly
Native extension for WindowsStandalone target not found
Refreshing native plugins compatible for Editor in 0.22 ms, found 0 plugins.
Preloading 0 native plugins for Editor in 0.00 ms.
Invoked RoslynAnalysisRunner static constructor.
RoslynAnalysisRunner will not be running.
RoslynAnalysisRunner has terminated.
Mono: successfully reloaded assembly
- Completed reload, in  0.660 seconds
Platform modules already initialized, skipping
Refreshing native plugins compatible for Editor in 0.19 ms, found 0 plugins.
Preloading 0 native plugins for Editor in 0.00 ms.
Unloading 1119 Unused Serialized files (Serialized files now loaded: 0)
System memory in use before: 63.1 MB.
System memory in use after: 63.2 MB.

Unloading 8 unused Assets to reduce memory usage. Loaded Objects now: 1636.
Total: 1.626200 ms (FindLiveObjects: 0.152700 ms CreateObjectMapping: 0.037200 ms MarkObjects: 1.385200 ms  DeleteObjects: 0.050300 ms)

========================================================================
Received Prepare
Registering precompiled user dll's ...
Registered in 0.001925 seconds.
Begin MonoManager ReloadAssembly
Native extension for WindowsStandalone target not found
Refreshing native plugins compatible for Editor in 0.21 ms, found 0 plugins.
Preloading 0 native plugins for Editor in 0.00 ms.
Invoked RoslynAnalysisRunner static constructor.
RoslynAnalysisRunner will not be running.
RoslynAnalysisRunner has terminated.
Mono: successfully reloaded assembly
- Completed reload, in  0.691 seconds
Platform modules already initialized, skipping
Refreshing native plugins compatible for Editor in 0.50 ms, found 0 plugins.
Preloading 0 native plugins for Editor in 0.00 ms.
Unloading 1119 Unused Serialized files (Serialized files now loaded: 0)
System memory in use before: 63.1 MB.
System memory in use after: 63.2 MB.

Unloading 8 unused Assets to reduce memory usage. Loaded Objects now: 1639.
Total: 1.398800 ms (FindLiveObjects: 0.129700 ms CreateObjectMapping: 0.032100 ms MarkObjects: 1.189900 ms  DeleteObjects: 0.046200 ms)

========================================================================
Received Prepare
Registering precompiled user dll's ...
Registered in 0.001705 seconds.
Begin MonoManager ReloadAssembly
Native extension for WindowsStandalone target not found
Refreshing native plugins compatible for Editor in 0.21 ms, found 0 plugins.
Preloading 0 native plugins for Editor in 0.00 ms.
Invoked RoslynAnalysisRunner static constructor.
RoslynAnalysisRunner will not be running.
RoslynAnalysisRunner has terminated.
Mono: successfully reloaded assembly
- Completed reload, in  0.708 seconds
Platform modules already initialized, skipping
Refreshing native plugins compatible for Editor in 0.22 ms, found 0 plugins.
Preloading 0 native plugins for Editor in 0.00 ms.
Unloading 1119 Unused Serialized files (Serialized files now loaded: 0)
System memory in use before: 63.1 MB.
System memory in use after: 63.2 MB.

Unloading 8 unused Assets to reduce memory usage. Loaded Objects now: 1642.
Total: 1.556900 ms (FindLiveObjects: 0.156500 ms CreateObjectMapping: 0.040400 ms MarkObjects: 1.304200 ms  DeleteObjects: 0.054600 ms)

========================================================================
Received Prepare
Registering precompiled user dll's ...
Registered in 0.001293 seconds.
Begin MonoManager ReloadAssembly
Native extension for WindowsStandalone target not found
Refreshing native plugins compatible for Editor in 0.36 ms, found 0 plugins.
Preloading 0 native plugins for Editor in 0.00 ms.
Invoked RoslynAnalysisRunner static constructor.
RoslynAnalysisRunner will not be running.
RoslynAnalysisRunner has terminated.
Mono: successfully reloaded assembly
- Completed reload, in  0.724 seconds
Platform modules already initialized, skipping
Refreshing native plugins compatible for Editor in 0.20 ms, found 0 plugins.
Preloading 0 native plugins for Editor in 0.00 ms.
Unloading 1119 Unused Serialized files (Serialized files now loaded: 0)
System memory in use before: 63.1 MB.
System memory in use after: 63.2 MB.

Unloading 8 unused Assets to reduce memory usage. Loaded Objects now: 1645.
Total: 1.407400 ms (FindLiveObjects: 0.137600 ms CreateObjectMapping: 0.034600 ms MarkObjects: 1.193800 ms  DeleteObjects: 0.040600 ms)

========================================================================
Received Prepare
Registering precompiled user dll's ...
Registered in 0.001301 seconds.
Begin MonoManager ReloadAssembly
Native extension for WindowsStandalone target not found
Refreshing native plugins compatible for Editor in 0.20 ms, found 0 plugins.
Preloading 0 native plugins for Editor in 0.00 ms.
Invoked RoslynAnalysisRunner static constructor.
RoslynAnalysisRunner will not be running.
RoslynAnalysisRunner has terminated.
Mono: successfully reloaded assembly
- Completed reload, in  0.714 seconds
Platform modules already initialized, skipping
Refreshing native plugins compatible for Editor in 0.20 ms, found 0 plugins.
Preloading 0 native plugins for Editor in 0.00 ms.
Unloading 1119 Unused Serialized files (Serialized files now loaded: 0)
System memory in use before: 63.1 MB.
System memory in use after: 63.2 MB.

Unloading 8 unused Assets to reduce memory usage. Loaded Objects now: 1648.
Total: 1.484500 ms (FindLiveObjects: 0.188200 ms CreateObjectMapping: 0.034600 ms MarkObjects: 1.215900 ms  DeleteObjects: 0.040700 ms)

========================================================================
Received Prepare
Registering precompiled user dll's ...
Registered in 0.001280 seconds.
Begin MonoManager ReloadAssembly
Native extension for WindowsStandalone target not found
Refreshing native plugins compatible for Editor in 0.21 ms, found 0 plugins.
Preloading 0 native plugins for Editor in 0.00 ms.
Invoked RoslynAnalysisRunner static constructor.
RoslynAnalysisRunner will not be running.
RoslynAnalysisRunner has terminated.
Mono: successfully reloaded assembly
- Completed reload, in  0.636 seconds
Platform modules already initialized, skipping
Refreshing native plugins compatible for Editor in 0.20 ms, found 0 plugins.
Preloading 0 native plugins for Editor in 0.00 ms.
Unloading 1119 Unused Serialized files (Serialized files now loaded: 0)
System memory in use before: 63.1 MB.
System memory in use after: 63.2 MB.

Unloading 8 unused Assets to reduce memory usage. Loaded Objects now: 1651.
Total: 1.546400 ms (FindLiveObjects: 0.275800 ms CreateObjectMapping: 0.056400 ms MarkObjects: 1.173200 ms  DeleteObjects: 0.039500 ms)

========================================================================
Received Prepare
Registering precompiled user dll's ...
Registered in 0.001437 seconds.
Begin MonoManager ReloadAssembly
Native extension for WindowsStandalone target not found
Refreshing native plugins compatible for Editor in 0.24 ms, found 0 plugins.
Preloading 0 native plugins for Editor in 0.00 ms.
Invoked RoslynAnalysisRunner static constructor.
RoslynAnalysisRunner will not be running.
RoslynAnalysisRunner has terminated.
Mono: successfully reloaded assembly
- Completed reload, in  0.697 seconds
Platform modules already initialized, skipping
Refreshing native plugins compatible for Editor in 0.23 ms, found 0 plugins.
Preloading 0 native plugins for Editor in 0.00 ms.
Unloading 1119 Unused Serialized files (Serialized files now loaded: 0)
System memory in use before: 63.1 MB.
System memory in use after: 63.2 MB.

Unloading 8 unused Assets to reduce memory usage. Loaded Objects now: 1654.
Total: 1.740500 ms (FindLiveObjects: 0.181900 ms CreateObjectMapping: 0.038200 ms MarkObjects: 1.464300 ms  DeleteObjects: 0.054500 ms)

========================================================================
Received Prepare
Registering precompiled user dll's ...
Registered in 0.001333 seconds.
Begin MonoManager ReloadAssembly
Native extension for WindowsStandalone target not found
Refreshing native plugins compatible for Editor in 0.24 ms, found 0 plugins.
Preloading 0 native plugins for Editor in 0.00 ms.
Invoked RoslynAnalysisRunner static constructor.
RoslynAnalysisRunner will not be running.
RoslynAnalysisRunner has terminated.
Mono: successfully reloaded assembly
- Completed reload, in  0.753 seconds
Platform modules already initialized, skipping
Refreshing native plugins compatible for Editor in 0.20 ms, found 0 plugins.
Preloading 0 native plugins for Editor in 0.00 ms.
Unloading 1119 Unused Serialized files (Serialized files now loaded: 0)
System memory in use before: 63.1 MB.
System memory in use after: 63.2 MB.

Unloading 8 unused Assets to reduce memory usage. Loaded Objects now: 1657.
Total: 1.657500 ms (FindLiveObjects: 0.250600 ms CreateObjectMapping: 0.045600 ms MarkObjects: 1.319900 ms  DeleteObjects: 0.039600 ms)

========================================================================
Received Prepare
Registering precompiled user dll's ...
Registered in 0.001344 seconds.
Begin MonoManager ReloadAssembly
Native extension for WindowsStandalone target not found
Refreshing native plugins compatible for Editor in 0.21 ms, found 0 plugins.
Preloading 0 native plugins for Editor in 0.00 ms.
Invoked RoslynAnalysisRunner static constructor.
RoslynAnalysisRunner will not be running.
RoslynAnalysisRunner has terminated.
Mono: successfully reloaded assembly
- Completed reload, in  0.644 seconds
Platform modules already initialized, skipping
Refreshing native plugins compatible for Editor in 0.21 ms, found 0 plugins.
Preloading 0 native plugins for Editor in 0.00 ms.
Unloading 1119 Unused Serialized files (Serialized files now loaded: 0)
System memory in use before: 63.1 MB.
System memory in use after: 63.2 MB.

Unloading 8 unused Assets to reduce memory usage. Loaded Objects now: 1660.
Total: 1.581700 ms (FindLiveObjects: 0.187800 ms CreateObjectMapping: 0.045000 ms MarkObjects: 1.294200 ms  DeleteObjects: 0.053000 ms)

========================================================================
Received Prepare
Registering precompiled user dll's ...
Registered in 0.001260 seconds.
Begin MonoManager ReloadAssembly
Native extension for WindowsStandalone target not found
Refreshing native plugins compatible for Editor in 0.20 ms, found 0 plugins.
Preloading 0 native plugins for Editor in 0.00 ms.
Invoked RoslynAnalysisRunner static constructor.
RoslynAnalysisRunner will not be running.
RoslynAnalysisRunner has terminated.
Mono: successfully reloaded assembly
- Completed reload, in  0.637 seconds
Platform modules already initialized, skipping
Refreshing native plugins compatible for Editor in 0.21 ms, found 0 plugins.
Preloading 0 native plugins for Editor in 0.00 ms.
Unloading 1119 Unused Serialized files (Serialized files now loaded: 0)
System memory in use before: 63.1 MB.
System memory in use after: 63.2 MB.

Unloading 8 unused Assets to reduce memory usage. Loaded Objects now: 1663.
Total: 1.562100 ms (FindLiveObjects: 0.201300 ms CreateObjectMapping: 0.038800 ms MarkObjects: 1.233900 ms  DeleteObjects: 0.086700 ms)

========================================================================
Received Prepare
Registering precompiled user dll's ...
Registered in 0.001281 seconds.
Begin MonoManager ReloadAssembly
Native extension for WindowsStandalone target not found
Refreshing native plugins compatible for Editor in 0.21 ms, found 0 plugins.
Preloading 0 native plugins for Editor in 0.00 ms.
Invoked RoslynAnalysisRunner static constructor.
RoslynAnalysisRunner will not be running.
RoslynAnalysisRunner has terminated.
Mono: successfully reloaded assembly
- Completed reload, in  0.658 seconds
Platform modules already initialized, skipping
Refreshing native plugins compatible for Editor in 0.19 ms, found 0 plugins.
Preloading 0 native plugins for Editor in 0.00 ms.
Unloading 1119 Unused Serialized files (Serialized files now loaded: 0)
System memory in use before: 63.1 MB.
System memory in use after: 63.2 MB.

Unloading 8 unused Assets to reduce memory usage. Loaded Objects now: 1666.
Total: 1.560600 ms (FindLiveObjects: 0.203900 ms CreateObjectMapping: 0.050600 ms MarkObjects: 1.265100 ms  DeleteObjects: 0.039900 ms)

========================================================================
Received Import Request.
  Time since last request: 3285.471018 seconds.
  path: Assets/ImageFileInformation.cs
  artifactKey: Guid(9d5fb8704f863e343b840dc9b27f2eaa) Importer(815301076,1909f56bfc062723c751e8b465ee728b)
Start importing Assets/ImageFileInformation.cs using Guid(9d5fb8704f863e343b840dc9b27f2eaa) Importer(815301076,1909f56bfc062723c751e8b465ee728b)  -> (artifact id: 'a9564f4fbe71d553e51a95b0d4463a21') in 0.008759 seconds
  Import took 0.011140 seconds .

========================================================================
Received Import Request.
  Time since last request: 33.604811 seconds.
  path: Assets/ImageFileInformation.cs
  artifactKey: Guid(9d5fb8704f863e343b840dc9b27f2eaa) Importer(815301076,1909f56bfc062723c751e8b465ee728b)
Start importing Assets/ImageFileInformation.cs using Guid(9d5fb8704f863e343b840dc9b27f2eaa) Importer(815301076,1909f56bfc062723c751e8b465ee728b)  -> (artifact id: 'f090d413e0684134836d991da381f80a') in 0.001810 seconds
  Import took 0.003479 seconds .

AssetImportWorkerClient::OnTransportError - code=2 error=End of file
